#! /usr/bin/vvp
:ivl_version "11.0 (stable)";
:ivl_delay_selection "TYPICAL";
:vpi_time_precision - 12;
:vpi_module "/usr/lib/x86_64-linux-gnu/ivl/system.vpi";
:vpi_module "/usr/lib/x86_64-linux-gnu/ivl/vhdl_sys.vpi";
:vpi_module "/usr/lib/x86_64-linux-gnu/ivl/vhdl_textio.vpi";
:vpi_module "/usr/lib/x86_64-linux-gnu/ivl/v2005_math.vpi";
:vpi_module "/usr/lib/x86_64-linux-gnu/ivl/va_math.vpi";
S_0x5ead062b4240 .scope module, "Fetch_Reg" "Fetch_Reg" 2 3;
 .timescale -9 -12;
    .port_info 0 /INPUT 5 "reg_enc";
    .port_info 1 /INPUT 32 "reg_in";
    .port_info 2 /INPUT 32 "op_fwd";
    .port_info 3 /INPUT 32 "outdated";
    .port_info 4 /OUTPUT 32 "reg_val";
v0x5ead062a95f0_0 .var "od", 0 0;
o0x742147698048 .functor BUFZ 32, C4<zzzzzzzzzzzzzzzzzzzzzzzzzzzzzzzz>; HiZ drive
v0x5ead062a7840_0 .net "op_fwd", 31 0, o0x742147698048;  0 drivers
o0x742147698078 .functor BUFZ 32, C4<zzzzzzzzzzzzzzzzzzzzzzzzzzzzzzzz>; HiZ drive
v0x5ead062a5440_0 .net "outdated", 31 0, o0x742147698078;  0 drivers
o0x7421476980a8 .functor BUFZ 5, C4<zzzzz>; HiZ drive
v0x5ead062a3040_0 .net "reg_enc", 4 0, o0x7421476980a8;  0 drivers
o0x7421476980d8 .functor BUFZ 32, C4<zzzzzzzzzzzzzzzzzzzzzzzzzzzzzzzz>; HiZ drive
v0x5ead062a0c40_0 .net "reg_in", 31 0, o0x7421476980d8;  0 drivers
v0x5ead0629e840_0 .net "reg_val", 31 0, L_0x5ead06304a00;  1 drivers
E_0x5ead06248640 .event edge, v0x5ead062a3040_0, v0x5ead062a5440_0;
L_0x5ead06304a00 .functor MUXZ 32, o0x7421476980d8, o0x742147698048, v0x5ead062a95f0_0, C4<>;
S_0x5ead062ae050 .scope module, "IDecode" "IDecode" 2 52;
 .timescale -9 -12;
    .port_info 0 /INPUT 32 "Ins";
    .port_info 1 /INPUT 32 "PC_curr";
    .port_info 2 /INPUT 1 "rst";
    .port_info 3 /INPUT 1 "clk_stage";
    .port_info 4 /INPUT 1 "clk_stage_en";
    .port_info 5 /INPUT 32 "regfile1";
    .port_info 6 /INPUT 32 "regfile2";
    .port_info 7 /INPUT 5 "outdated_EXE";
    .port_info 8 /INPUT 5 "outdated_MEM";
    .port_info 9 /INPUT 5 "outdated_WB";
    .port_info 10 /INPUT 1 "IDBufEn";
    .port_info 11 /INPUT 32 "EXEBuf";
    .port_info 12 /INPUT 32 "MEMBuf";
    .port_info 13 /INPUT 3 "ins_class";
    .port_info 14 /INPUT 2 "pc_ins_type";
    .port_info 15 /INPUT 1 "Mem_rd_in";
    .port_info 16 /OUTPUT 5 "rs1_enc";
    .port_info 17 /OUTPUT 5 "rs2_enc";
    .port_info 18 /OUTPUT 32 "PC_curr_reg";
    .port_info 19 /OUTPUT 2 "pc_ins_type_reg";
    .port_info 20 /OUTPUT 8 "ALUOp";
    .port_info 21 /OUTPUT 1 "sgn";
    .port_info 22 /OUTPUT 1 "isBranch";
    .port_info 23 /OUTPUT 1 "branch_type";
    .port_info 24 /OUTPUT 32 "ALUopr1";
    .port_info 25 /OUTPUT 32 "ALUopr2";
    .port_info 26 /OUTPUT 32 "Store_src";
    .port_info 27 /OUTPUT 1 "IDHold";
P_0x5ead062de2e0 .param/l "ADD" 1 2 331, C4<00000001>;
P_0x5ead062de320 .param/l "ADDI" 1 2 338, C4<00000000>;
P_0x5ead062de360 .param/l "ADD_" 1 2 336, C4<0000000000>;
P_0x5ead062de3a0 .param/l "AND" 1 2 331, C4<00000100>;
P_0x5ead062de3e0 .param/l "ANDI" 1 2 338, C4<00000010>;
P_0x5ead062de420 .param/l "AND_" 1 2 336, C4<0000000011>;
P_0x5ead062de460 .param/l "AUIPC" 1 2 150, C4<001000>;
P_0x5ead062de4a0 .param/l "B" 1 2 153, +C4<00000000000000000000000000000011>;
P_0x5ead062de4e0 .param/l "BEQ" 1 2 333, C4<000>;
P_0x5ead062de520 .param/l "BGEU" 1 2 333, C4<011>;
P_0x5ead062de560 .param/l "BLTU" 1 2 333, C4<010>;
P_0x5ead062de5a0 .param/l "BNE" 1 2 333, C4<001>;
P_0x5ead062de5e0 .param/l "BRANCH" 1 2 150, C4<000100>;
P_0x5ead062de620 .param/l "I" 1 2 153, +C4<00000000000000000000000000000001>;
P_0x5ead062de660 .param/l "J" 1 2 153, +C4<00000000000000000000000000000101>;
P_0x5ead062de6a0 .param/l "JAL" 1 2 150, C4<000010>;
P_0x5ead062de6e0 .param/l "JALR" 1 2 150, C4<000011>;
P_0x5ead062de720 .param/l "LOAD" 1 2 150, C4<000101>;
P_0x5ead062de760 .param/l "LUI" 1 2 150, C4<000111>;
P_0x5ead062de7a0 .param/l "OP" 1 2 150, C4<000000>;
P_0x5ead062de7e0 .param/l "OP_IMM" 1 2 150, C4<000001>;
P_0x5ead062de820 .param/l "OR" 1 2 331, C4<00001000>;
P_0x5ead062de860 .param/l "ORI" 1 2 338, C4<00000011>;
P_0x5ead062de8a0 .param/l "OR_" 1 2 336, C4<0000000100>;
P_0x5ead062de8e0 .param/l "R" 1 2 153, +C4<00000000000000000000000000000000>;
P_0x5ead062de920 .param/l "S" 1 2 153, +C4<00000000000000000000000000000010>;
P_0x5ead062de960 .param/l "SLL" 1 2 331, C4<00100000>;
P_0x5ead062de9a0 .param/l "SLLI" 1 2 338, C4<00000101>;
P_0x5ead062de9e0 .param/l "SLL_" 1 2 336, C4<0000000110>;
P_0x5ead062dea20 .param/l "SLTIU" 1 2 338, C4<00000001>;
P_0x5ead062dea60 .param/l "SLTU_" 1 2 336, C4<0000000010>;
P_0x5ead062deaa0 .param/l "SLT_" 1 2 336, C4<0000000001>;
P_0x5ead062deae0 .param/l "SRA" 1 2 331, C4<10000000>;
P_0x5ead062deb20 .param/l "SRAI" 1 2 338, C4<00000111>;
P_0x5ead062deb60 .param/l "SRA_" 1 2 336, C4<0100000001>;
P_0x5ead062deba0 .param/l "SRL" 1 2 331, C4<01000000>;
P_0x5ead062debe0 .param/l "SRLI" 1 2 338, C4<00000110>;
P_0x5ead062dec20 .param/l "SRL_" 1 2 336, C4<0000000111>;
P_0x5ead062dec60 .param/l "STORE" 1 2 150, C4<000110>;
P_0x5ead062deca0 .param/l "SUB" 1 2 331, C4<00000011>;
P_0x5ead062dece0 .param/l "SUB_" 1 2 336, C4<0100000000>;
P_0x5ead062ded20 .param/l "U" 1 2 153, +C4<00000000000000000000000000000100>;
P_0x5ead062ded60 .param/l "XOR" 1 2 331, C4<00010000>;
P_0x5ead062deda0 .param/l "XORI" 1 2 338, C4<00000100>;
P_0x5ead062dede0 .param/l "XOR_" 1 2 336, C4<0000000101>;
o0x7421476997b8 .functor BUFZ 32, C4<zzzzzzzzzzzzzzzzzzzzzzzzzzzzzzzz>; HiZ drive
L_0x5ead062a9480 .functor BUFZ 32, o0x7421476997b8, C4<00000000000000000000000000000000>, C4<00000000000000000000000000000000>, C4<00000000000000000000000000000000>;
o0x7421476997e8 .functor BUFZ 32, C4<zzzzzzzzzzzzzzzzzzzzzzzzzzzzzzzz>; HiZ drive
L_0x5ead062a9690 .functor BUFZ 32, o0x7421476997e8, C4<00000000000000000000000000000000>, C4<00000000000000000000000000000000>, C4<00000000000000000000000000000000>;
L_0x5ead062a75d0 .functor BUFZ 5, v0x5ead06301160_0, C4<00000>, C4<00000>, C4<00000>;
L_0x5ead062a5170 .functor BUFZ 5, v0x5ead06301240_0, C4<00000>, C4<00000>, C4<00000>;
L_0x5ead062a2d70 .functor BUFZ 32, o0x7421476997b8, C4<00000000000000000000000000000000>, C4<00000000000000000000000000000000>, C4<00000000000000000000000000000000>;
L_0x5ead062a09d0 .functor BUFZ 32, o0x7421476997e8, C4<00000000000000000000000000000000>, C4<00000000000000000000000000000000>, C4<00000000000000000000000000000000>;
L_0x5ead0629e570 .functor OR 1, L_0x5ead063052e0, L_0x5ead06305420, C4<0>, C4<0>;
L_0x5ead063056a0 .functor NOT 1, L_0x5ead06305560, C4<0>, C4<0>, C4<0>;
L_0x5ead063058a0 .functor AND 5, L_0x5ead06305210, L_0x5ead063057b0, C4<11111>, C4<11111>;
L_0x5ead06305bf0 .functor OR 1, L_0x5ead06305c60, L_0x5ead06305d00, C4<0>, C4<0>;
L_0x5ead06305f70 .functor OR 1, L_0x5ead06305bf0, L_0x5ead06305ed0, C4<0>, C4<0>;
L_0x5ead06306520 .functor OR 1, L_0x5ead06306310, L_0x5ead06306450, C4<0>, C4<0>;
L_0x5ead06306bb0 .functor OR 1, L_0x5ead06306660, L_0x5ead06306a00, C4<0>, C4<0>;
L_0x5ead06306e80 .functor OR 1, L_0x5ead06306c70, L_0x5ead06306d10, C4<0>, C4<0>;
L_0x5ead06306660 .functor OR 1, L_0x5ead06306e80, L_0x5ead06306f40, C4<0>, C4<0>;
L_0x5ead06308020 .functor OR 1, L_0x5ead06308190, L_0x5ead06307f80, C4<0>, C4<0>;
L_0x5ead06308490 .functor AND 1, L_0x5ead063080f0, L_0x5ead06308020, C4<1>, C4<1>;
L_0x5ead06308820 .functor AND 1, L_0x5ead063085a0, L_0x5ead06308780, C4<1>, C4<1>;
L_0x5ead063089d0 .functor OR 1, L_0x5ead06308490, L_0x5ead06308820, C4<0>, C4<0>;
L_0x5ead06308d70 .functor AND 1, L_0x5ead06308ae0, L_0x5ead06308cd0, C4<1>, C4<1>;
L_0x5ead06308f30 .functor OR 1, L_0x5ead063089d0, L_0x5ead06308d70, C4<0>, C4<0>;
L_0x5ead06309350 .functor AND 6, L_0x5ead06308930, L_0x5ead063091a0, C4<111111>, C4<111111>;
L_0x5ead063099d0 .functor OR 1, L_0x5ead063096e0, L_0x5ead06309780, C4<0>, C4<0>;
L_0x5ead06309c00 .functor AND 4, L_0x5ead063094d0, L_0x5ead06309b10, C4<1111>, C4<1111>;
L_0x5ead0630a2d0 .functor OR 1, L_0x5ead06309fc0, L_0x5ead0630a060, C4<0>, C4<0>;
L_0x5ead0630a500 .functor AND 4, L_0x5ead06309d90, L_0x5ead0630a410, C4<1111>, C4<1111>;
L_0x5ead0630a6a0 .functor OR 4, L_0x5ead06309c00, L_0x5ead0630a500, C4<0000>, C4<0000>;
L_0x5ead0630aaa0 .functor AND 1, L_0x5ead0630a7b0, L_0x5ead0630aa00, C4<1>, C4<1>;
L_0x5ead0630afa0 .functor AND 1, L_0x5ead0630aca0, L_0x5ead0630af00, C4<1>, C4<1>;
L_0x5ead0630b0e0 .functor OR 1, L_0x5ead0630aaa0, L_0x5ead0630afa0, C4<0>, C4<0>;
L_0x5ead0630bd10 .functor OR 1, L_0x5ead0630b7e0, L_0x5ead0630ba90, C4<0>, C4<0>;
L_0x5ead0630c710 .functor OR 1, L_0x5ead0630c380, L_0x5ead0630c620, C4<0>, C4<0>;
v0x5ead062fa5e0_0 .var "ALUOp", 7 0;
v0x5ead062fa6c0_0 .var "ALUopr1", 31 0;
v0x5ead062fa7a0_0 .var "ALUopr2", 31 0;
o0x7421476982b8 .functor BUFZ 32, C4<zzzzzzzzzzzzzzzzzzzzzzzzzzzzzzzz>; HiZ drive
v0x5ead062fa860_0 .net "EXEBuf", 31 0, o0x7421476982b8;  0 drivers
o0x7421476982e8 .functor BUFZ 1, C4<z>; HiZ drive
v0x5ead062fa940_0 .net "IDBufEn", 0 0, o0x7421476982e8;  0 drivers
v0x5ead062faa50_0 .net "IDHold", 0 0, L_0x5ead0630c710;  1 drivers
o0x742147698348 .functor BUFZ 32, C4<zzzzzzzzzzzzzzzzzzzzzzzzzzzzzzzz>; HiZ drive
v0x5ead062fab10_0 .net "Ins", 31 0, o0x742147698348;  0 drivers
o0x742147698378 .functor BUFZ 32, C4<zzzzzzzzzzzzzzzzzzzzzzzzzzzzzzzz>; HiZ drive
v0x5ead062fabf0_0 .net "MEMBuf", 31 0, o0x742147698378;  0 drivers
v0x5ead062facd0_0 .var "Mem_rd", 1 0;
o0x7421476983d8 .functor BUFZ 1, C4<z>; HiZ drive
v0x5ead062fadb0_0 .net "Mem_rd_in", 0 0, o0x7421476983d8;  0 drivers
o0x742147698408 .functor BUFZ 32, C4<zzzzzzzzzzzzzzzzzzzzzzzzzzzzzzzz>; HiZ drive
v0x5ead062fae70_0 .net "PC_curr", 31 0, o0x742147698408;  0 drivers
v0x5ead062faf50_0 .var "PC_curr_reg", 31 0;
v0x5ead062fb030_0 .var "RAW_stall", 1 0;
v0x5ead062fb110_0 .var "Store_src", 31 0;
v0x5ead062fb1f0_0 .net *"_ivl_102", 0 0, L_0x5ead06307250;  1 drivers
v0x5ead062fb2d0_0 .net *"_ivl_103", 10 0, L_0x5ead06307400;  1 drivers
v0x5ead062fb3b0_0 .net *"_ivl_106", 10 0, L_0x5ead06307760;  1 drivers
v0x5ead062fb5a0_0 .net *"_ivl_110", 0 0, L_0x5ead06307a40;  1 drivers
v0x5ead062fb680_0 .net *"_ivl_111", 7 0, L_0x5ead06307ae0;  1 drivers
v0x5ead062fb760_0 .net *"_ivl_114", 7 0, L_0x5ead06307e40;  1 drivers
v0x5ead062fb840_0 .net *"_ivl_118", 0 0, L_0x5ead063080f0;  1 drivers
v0x5ead062fb920_0 .net *"_ivl_120", 0 0, L_0x5ead06308190;  1 drivers
v0x5ead062fba00_0 .net *"_ivl_122", 0 0, L_0x5ead06307f80;  1 drivers
v0x5ead062fbae0_0 .net *"_ivl_123", 0 0, L_0x5ead06308020;  1 drivers
v0x5ead062fbbc0_0 .net *"_ivl_125", 0 0, L_0x5ead06308490;  1 drivers
v0x5ead062fbca0_0 .net *"_ivl_128", 0 0, L_0x5ead063085a0;  1 drivers
v0x5ead062fbd80_0 .net *"_ivl_130", 0 0, L_0x5ead06308780;  1 drivers
v0x5ead062fbe60_0 .net *"_ivl_131", 0 0, L_0x5ead06308820;  1 drivers
v0x5ead062fbf40_0 .net *"_ivl_133", 0 0, L_0x5ead063089d0;  1 drivers
v0x5ead062fc020_0 .net *"_ivl_136", 0 0, L_0x5ead06308ae0;  1 drivers
v0x5ead062fc100_0 .net *"_ivl_138", 0 0, L_0x5ead06308cd0;  1 drivers
v0x5ead062fc1e0_0 .net *"_ivl_139", 0 0, L_0x5ead06308d70;  1 drivers
v0x5ead062fc2c0_0 .net *"_ivl_144", 5 0, L_0x5ead06308930;  1 drivers
v0x5ead062fc5b0_0 .net *"_ivl_145", 5 0, L_0x5ead063091a0;  1 drivers
v0x5ead062fc690_0 .net *"_ivl_150", 3 0, L_0x5ead063094d0;  1 drivers
v0x5ead062fc770_0 .net *"_ivl_152", 0 0, L_0x5ead063096e0;  1 drivers
v0x5ead062fc850_0 .net *"_ivl_154", 0 0, L_0x5ead06309780;  1 drivers
v0x5ead062fc930_0 .net *"_ivl_155", 0 0, L_0x5ead063099d0;  1 drivers
v0x5ead062fca10_0 .net *"_ivl_157", 3 0, L_0x5ead06309b10;  1 drivers
v0x5ead062fcaf0_0 .net *"_ivl_159", 3 0, L_0x5ead06309c00;  1 drivers
v0x5ead062fcbd0_0 .net *"_ivl_162", 3 0, L_0x5ead06309d90;  1 drivers
v0x5ead062fccb0_0 .net *"_ivl_164", 0 0, L_0x5ead06309fc0;  1 drivers
v0x5ead062fcd90_0 .net *"_ivl_166", 0 0, L_0x5ead0630a060;  1 drivers
v0x5ead062fce70_0 .net *"_ivl_167", 0 0, L_0x5ead0630a2d0;  1 drivers
v0x5ead062fcf50_0 .net *"_ivl_169", 3 0, L_0x5ead0630a410;  1 drivers
v0x5ead062fd030_0 .net *"_ivl_171", 3 0, L_0x5ead0630a500;  1 drivers
v0x5ead062fd110_0 .net *"_ivl_176", 0 0, L_0x5ead0630a7b0;  1 drivers
v0x5ead062fd1f0_0 .net *"_ivl_178", 0 0, L_0x5ead0630aa00;  1 drivers
v0x5ead062fd2d0_0 .net *"_ivl_179", 0 0, L_0x5ead0630aaa0;  1 drivers
v0x5ead062fd3b0_0 .net *"_ivl_182", 0 0, L_0x5ead0630aca0;  1 drivers
v0x5ead062fd490_0 .net *"_ivl_184", 0 0, L_0x5ead0630af00;  1 drivers
v0x5ead062fd570_0 .net *"_ivl_185", 0 0, L_0x5ead0630afa0;  1 drivers
v0x5ead062fd650_0 .net *"_ivl_192", 0 0, L_0x5ead0630b7e0;  1 drivers
v0x5ead062fd730_0 .net *"_ivl_194", 0 0, L_0x5ead0630ba90;  1 drivers
L_0x74214764f018 .functor BUFT 1, C4<00000>, C4<0>, C4<0>, C4<0>;
v0x5ead062fd810_0 .net/2u *"_ivl_197", 4 0, L_0x74214764f018;  1 drivers
v0x5ead062fd8f0_0 .net *"_ivl_199", 0 0, L_0x5ead0630be20;  1 drivers
L_0x74214764f060 .functor BUFT 1, C4<00000>, C4<0>, C4<0>, C4<0>;
v0x5ead062fd9b0_0 .net/2u *"_ivl_201", 4 0, L_0x74214764f060;  1 drivers
v0x5ead062fda90_0 .net *"_ivl_203", 0 0, L_0x5ead0630bf10;  1 drivers
v0x5ead062fdb50_0 .net *"_ivl_208", 0 0, L_0x5ead0630c380;  1 drivers
v0x5ead062fdc30_0 .net *"_ivl_210", 0 0, L_0x5ead0630c620;  1 drivers
v0x5ead062fdd10_0 .net *"_ivl_27", 4 0, L_0x5ead06305210;  1 drivers
v0x5ead062fddf0_0 .net *"_ivl_29", 0 0, L_0x5ead063052e0;  1 drivers
v0x5ead062fded0_0 .net *"_ivl_31", 0 0, L_0x5ead06305420;  1 drivers
v0x5ead062fdfb0_0 .net *"_ivl_32", 0 0, L_0x5ead0629e570;  1 drivers
v0x5ead062fe090_0 .net *"_ivl_34", 0 0, L_0x5ead06305560;  1 drivers
v0x5ead062fe580_0 .net *"_ivl_36", 0 0, L_0x5ead063056a0;  1 drivers
v0x5ead062fe660_0 .net *"_ivl_38", 4 0, L_0x5ead063057b0;  1 drivers
v0x5ead062fe740_0 .net *"_ivl_51", 0 0, L_0x5ead06305b50;  1 drivers
v0x5ead062fe820_0 .net *"_ivl_55", 0 0, L_0x5ead06305c60;  1 drivers
v0x5ead062fe900_0 .net *"_ivl_57", 0 0, L_0x5ead06305d00;  1 drivers
v0x5ead062fe9e0_0 .net *"_ivl_58", 0 0, L_0x5ead06305bf0;  1 drivers
v0x5ead062feac0_0 .net *"_ivl_61", 0 0, L_0x5ead06305ed0;  1 drivers
v0x5ead062feba0_0 .net *"_ivl_62", 0 0, L_0x5ead06305f70;  1 drivers
v0x5ead062fec80_0 .net *"_ivl_67", 0 0, L_0x5ead06306030;  1 drivers
v0x5ead062fed60_0 .net *"_ivl_71", 0 0, L_0x5ead06306160;  1 drivers
v0x5ead062fee40_0 .net *"_ivl_75", 0 0, L_0x5ead06306310;  1 drivers
v0x5ead062fef20_0 .net *"_ivl_77", 0 0, L_0x5ead06306450;  1 drivers
v0x5ead062ff000_0 .net *"_ivl_78", 0 0, L_0x5ead06306520;  1 drivers
v0x5ead062ff0e0_0 .net *"_ivl_84", 0 0, L_0x5ead063063b0;  1 drivers
v0x5ead062ff1c0_0 .net *"_ivl_86", 0 0, L_0x5ead06306a00;  1 drivers
v0x5ead062ff2a0_0 .net *"_ivl_90", 0 0, L_0x5ead06306c70;  1 drivers
v0x5ead062ff380_0 .net *"_ivl_92", 0 0, L_0x5ead06306d10;  1 drivers
v0x5ead062ff460_0 .net *"_ivl_93", 0 0, L_0x5ead06306e80;  1 drivers
v0x5ead062ff540_0 .net *"_ivl_96", 0 0, L_0x5ead06306f40;  1 drivers
v0x5ead062ff620_0 .var "branch_type", 0 0;
o0x742147699218 .functor BUFZ 1, C4<z>; HiZ drive
v0x5ead062ff6e0_0 .net "clk_stage", 0 0, o0x742147699218;  0 drivers
o0x742147699248 .functor BUFZ 1, C4<z>; HiZ drive
v0x5ead062ff7a0_0 .net "clk_stage_en", 0 0, o0x742147699248;  0 drivers
v0x5ead062ff860_0 .var "cmp", 5 0;
v0x5ead062ff940_0 .net "funct3", 2 0, L_0x5ead06305020;  1 drivers
v0x5ead062ffa20_0 .net "funct7", 6 0, L_0x5ead06305140;  1 drivers
v0x5ead062ffb00_0 .net "imm0", 0 0, L_0x5ead0630b0e0;  1 drivers
v0x5ead062ffbc0_0 .net "imm10_5", 5 0, L_0x5ead06309350;  1 drivers
v0x5ead062ffca0_0 .net "imm11", 0 0, L_0x5ead06308f30;  1 drivers
v0x5ead062ffd60_0 .net "imm19_12", 7 0, L_0x5ead06307ee0;  1 drivers
v0x5ead062ffe40_0 .net "imm30_20", 10 0, L_0x5ead06307800;  1 drivers
v0x5ead062fff20_0 .net "imm31", 0 0, L_0x5ead063070d0;  1 drivers
v0x5ead062fffe0_0 .net "imm4_1", 3 0, L_0x5ead0630a6a0;  1 drivers
v0x5ead063000c0_0 .net "immediate", 31 0, L_0x5ead0630b2f0;  1 drivers
o0x742147699488 .functor BUFZ 3, C4<zzz>; HiZ drive
v0x5ead063001a0_0 .net "ins_class", 2 0, o0x742147699488;  0 drivers
v0x5ead06300280_0 .net "ins_type", 5 0, L_0x5ead063066d0;  1 drivers
v0x5ead06300360_0 .var "isBranch", 0 0;
v0x5ead06300420_0 .net "neq", 1 0, L_0x5ead0630c240;  1 drivers
v0x5ead06300500_0 .var "op_minterms", 10 0;
v0x5ead063005e0_0 .net "opcode", 6 0, L_0x5ead06304b50;  1 drivers
v0x5ead063006c0_0 .var "outdated", 4 0;
o0x7421476995d8 .functor BUFZ 5, C4<zzzzz>; HiZ drive
v0x5ead063007a0_0 .net "outdated_EXE", 4 0, o0x7421476995d8;  0 drivers
o0x742147699608 .functor BUFZ 5, C4<zzzzz>; HiZ drive
v0x5ead06300880_0 .net "outdated_MEM", 4 0, o0x742147699608;  0 drivers
o0x742147699638 .functor BUFZ 5, C4<zzzzz>; HiZ drive
v0x5ead06300960_0 .net "outdated_WB", 4 0, o0x742147699638;  0 drivers
v0x5ead06300a40_0 .net "outdated_in", 14 0, L_0x5ead06304f80;  1 drivers
o0x742147699698 .functor BUFZ 2, C4<zz>; HiZ drive
v0x5ead06300b20_0 .net "pc_ins_type", 1 0, o0x742147699698;  0 drivers
v0x5ead06300c00_0 .var "pc_ins_type_reg", 1 0;
v0x5ead06300ce0_0 .net "r_w", 0 0, L_0x5ead0630bd10;  1 drivers
v0x5ead06300da0_0 .net "rd_enc", 4 0, L_0x5ead063058a0;  1 drivers
RS_0x742147699758 .resolv tri, L_0x5ead062a9480, L_0x5ead062a2d70;
v0x5ead06300e80 .array "regfile", 0 1;
v0x5ead06300e80_0 .net8 v0x5ead06300e80 0, 31 0, RS_0x742147699758; 2 drivers
RS_0x742147699788 .resolv tri, L_0x5ead062a9690, L_0x5ead062a09d0;
v0x5ead06300e80_1 .net8 v0x5ead06300e80 1, 31 0, RS_0x742147699788; 2 drivers
v0x5ead06300fa0_0 .net "regfile1", 31 0, o0x7421476997b8;  0 drivers
v0x5ead06301080_0 .net "regfile2", 31 0, o0x7421476997e8;  0 drivers
v0x5ead06301160_0 .var "rs1_enc", 4 0;
v0x5ead06301240_0 .var "rs2_enc", 4 0;
v0x5ead06301320_0 .var "rs2_updated", 31 0;
RS_0x7421476998a8 .resolv tri, L_0x5ead062a75d0, L_0x5ead06305960;
v0x5ead06301400 .array "rs_enc", 0 1;
v0x5ead06301400_0 .net8 v0x5ead06301400 0, 4 0, RS_0x7421476998a8; 2 drivers
RS_0x7421476998d8 .resolv tri, L_0x5ead062a5170, L_0x5ead06305ab0;
v0x5ead06301400_1 .net8 v0x5ead06301400 1, 4 0, RS_0x7421476998d8; 2 drivers
o0x742147699908 .functor BUFZ 1, C4<z>; HiZ drive
v0x5ead06301520_0 .net "rst", 0 0, o0x742147699908;  0 drivers
v0x5ead063015e0_0 .var "sgn", 0 0;
v0x5ead063016a0_0 .net "w1", 0 0, L_0x5ead06306660;  1 drivers
v0x5ead06301760_0 .net "w2", 0 0, L_0x5ead06306bb0;  1 drivers
E_0x5ead06232d10/0 .event negedge, v0x5ead06301520_0;
E_0x5ead06232d10/1 .event posedge, v0x5ead062ff6e0_0;
E_0x5ead06232d10 .event/or E_0x5ead06232d10/0, E_0x5ead06232d10/1;
E_0x5ead062dd4c0/0 .event edge, v0x5ead063005e0_0, v0x5ead06300420_0, v0x5ead062ff860_0, v0x5ead062fa860_0;
E_0x5ead062dd4c0/1 .event edge, v0x5ead062fabf0_0, v0x5ead06301080_0;
E_0x5ead062dd4c0 .event/or E_0x5ead062dd4c0/0, E_0x5ead062dd4c0/1;
E_0x5ead062dd550 .event edge, v0x5ead063005e0_0;
L_0x5ead06304b50 .part o0x742147698348, 0, 7;
L_0x5ead06304f80 .concat [ 5 5 5 0], o0x7421476995d8, o0x742147699608, o0x742147699638;
L_0x5ead06305020 .part o0x742147698348, 12, 3;
L_0x5ead06305140 .part o0x742147698348, 25, 7;
L_0x5ead06305210 .part o0x742147698348, 7, 5;
L_0x5ead063052e0 .part v0x5ead06300500_0, 4, 1;
L_0x5ead06305420 .part v0x5ead06300500_0, 6, 1;
L_0x5ead06305560 .concat [ 1 0 0 0], L_0x5ead0629e570;
LS_0x5ead063057b0_0_0 .concat [ 1 1 1 1], L_0x5ead063056a0, L_0x5ead063056a0, L_0x5ead063056a0, L_0x5ead063056a0;
LS_0x5ead063057b0_0_4 .concat [ 1 0 0 0], L_0x5ead063056a0;
L_0x5ead063057b0 .concat [ 4 1 0 0], LS_0x5ead063057b0_0_0, LS_0x5ead063057b0_0_4;
L_0x5ead06305960 .part o0x742147698348, 15, 5;
L_0x5ead06305ab0 .part o0x742147698348, 20, 5;
L_0x5ead06305b50 .part v0x5ead06300500_0, 0, 1;
L_0x5ead06305c60 .part v0x5ead06300500_0, 1, 1;
L_0x5ead06305d00 .part v0x5ead06300500_0, 3, 1;
L_0x5ead06305ed0 .part v0x5ead06300500_0, 5, 1;
L_0x5ead06306030 .part v0x5ead06300500_0, 6, 1;
L_0x5ead06306160 .part v0x5ead06300500_0, 4, 1;
L_0x5ead06306310 .part v0x5ead06300500_0, 7, 1;
L_0x5ead06306450 .part v0x5ead06300500_0, 8, 1;
LS_0x5ead063066d0_0_0 .concat8 [ 1 1 1 1], L_0x5ead06305b50, L_0x5ead06305f70, L_0x5ead06306030, L_0x5ead06306160;
LS_0x5ead063066d0_0_4 .concat8 [ 1 1 0 0], L_0x5ead06306520, L_0x5ead063063b0;
L_0x5ead063066d0 .concat8 [ 4 2 0 0], LS_0x5ead063066d0_0_0, LS_0x5ead063066d0_0_4;
L_0x5ead063063b0 .part v0x5ead06300500_0, 2, 1;
L_0x5ead06306a00 .part L_0x5ead063066d0, 5, 1;
L_0x5ead06306c70 .part L_0x5ead063066d0, 1, 1;
L_0x5ead06306d10 .part L_0x5ead063066d0, 2, 1;
L_0x5ead06306f40 .part L_0x5ead063066d0, 3, 1;
L_0x5ead063070d0 .part o0x742147698348, 31, 1;
L_0x5ead06307250 .part o0x742147698348, 31, 1;
LS_0x5ead06307400_0_0 .concat [ 1 1 1 1], L_0x5ead06307250, L_0x5ead06307250, L_0x5ead06307250, L_0x5ead06307250;
LS_0x5ead06307400_0_4 .concat [ 1 1 1 1], L_0x5ead06307250, L_0x5ead06307250, L_0x5ead06307250, L_0x5ead06307250;
LS_0x5ead06307400_0_8 .concat [ 1 1 1 0], L_0x5ead06307250, L_0x5ead06307250, L_0x5ead06307250;
L_0x5ead06307400 .concat [ 4 4 3 0], LS_0x5ead06307400_0_0, LS_0x5ead06307400_0_4, LS_0x5ead06307400_0_8;
L_0x5ead06307760 .part o0x742147698348, 20, 11;
L_0x5ead06307800 .functor MUXZ 11, L_0x5ead06307760, L_0x5ead06307400, L_0x5ead06306bb0, C4<>;
L_0x5ead06307a40 .part o0x742147698348, 31, 1;
LS_0x5ead06307ae0_0_0 .concat [ 1 1 1 1], L_0x5ead06307a40, L_0x5ead06307a40, L_0x5ead06307a40, L_0x5ead06307a40;
LS_0x5ead06307ae0_0_4 .concat [ 1 1 1 1], L_0x5ead06307a40, L_0x5ead06307a40, L_0x5ead06307a40, L_0x5ead06307a40;
L_0x5ead06307ae0 .concat [ 4 4 0 0], LS_0x5ead06307ae0_0_0, LS_0x5ead06307ae0_0_4;
L_0x5ead06307e40 .part o0x742147698348, 12, 8;
L_0x5ead06307ee0 .functor MUXZ 8, L_0x5ead06307e40, L_0x5ead06307ae0, L_0x5ead06306660, C4<>;
L_0x5ead063080f0 .part o0x742147698348, 31, 1;
L_0x5ead06308190 .part L_0x5ead063066d0, 1, 1;
L_0x5ead06307f80 .part L_0x5ead063066d0, 2, 1;
L_0x5ead063085a0 .part o0x742147698348, 7, 1;
L_0x5ead06308780 .part L_0x5ead063066d0, 3, 1;
L_0x5ead06308ae0 .part o0x742147698348, 20, 1;
L_0x5ead06308cd0 .part L_0x5ead063066d0, 5, 1;
L_0x5ead06308930 .part o0x742147698348, 25, 6;
LS_0x5ead063091a0_0_0 .concat [ 1 1 1 1], L_0x5ead06306bb0, L_0x5ead06306bb0, L_0x5ead06306bb0, L_0x5ead06306bb0;
LS_0x5ead063091a0_0_4 .concat [ 1 1 0 0], L_0x5ead06306bb0, L_0x5ead06306bb0;
L_0x5ead063091a0 .concat [ 4 2 0 0], LS_0x5ead063091a0_0_0, LS_0x5ead063091a0_0_4;
L_0x5ead063094d0 .part o0x742147698348, 21, 4;
L_0x5ead063096e0 .part L_0x5ead063066d0, 1, 1;
L_0x5ead06309780 .part L_0x5ead063066d0, 5, 1;
L_0x5ead06309b10 .concat [ 1 1 1 1], L_0x5ead063099d0, L_0x5ead063099d0, L_0x5ead063099d0, L_0x5ead063099d0;
L_0x5ead06309d90 .part o0x742147698348, 8, 4;
L_0x5ead06309fc0 .part L_0x5ead063066d0, 2, 1;
L_0x5ead0630a060 .part L_0x5ead063066d0, 3, 1;
L_0x5ead0630a410 .concat [ 1 1 1 1], L_0x5ead0630a2d0, L_0x5ead0630a2d0, L_0x5ead0630a2d0, L_0x5ead0630a2d0;
L_0x5ead0630a7b0 .part o0x742147698348, 20, 1;
L_0x5ead0630aa00 .part L_0x5ead063066d0, 1, 1;
L_0x5ead0630aca0 .part o0x742147698348, 7, 1;
L_0x5ead0630af00 .part L_0x5ead063066d0, 2, 1;
LS_0x5ead0630b2f0_0_0 .concat [ 1 4 6 1], L_0x5ead0630b0e0, L_0x5ead0630a6a0, L_0x5ead06309350, L_0x5ead06308f30;
LS_0x5ead0630b2f0_0_4 .concat [ 8 11 1 0], L_0x5ead06307ee0, L_0x5ead06307800, L_0x5ead063070d0;
L_0x5ead0630b2f0 .concat [ 12 20 0 0], LS_0x5ead0630b2f0_0_0, LS_0x5ead0630b2f0_0_4;
L_0x5ead0630b7e0 .part L_0x5ead063066d0, 0, 1;
L_0x5ead0630ba90 .part L_0x5ead063066d0, 3, 1;
L_0x5ead0630be20 .cmp/ne 5, v0x5ead06301240_0, L_0x74214764f018;
L_0x5ead0630bf10 .cmp/ne 5, v0x5ead06301160_0, L_0x74214764f060;
L_0x5ead0630c240 .concat [ 1 1 0 0], L_0x5ead0630bf10, L_0x5ead0630be20;
L_0x5ead0630c380 .part v0x5ead062fb030_0, 0, 1;
L_0x5ead0630c620 .part v0x5ead062fb030_0, 1, 1;
S_0x5ead062f8970 .scope generate, "genblk1[0]" "genblk1[0]" 2 214, 2 214 0, S_0x5ead062ae050;
 .timescale -9 -12;
P_0x5ead062f8b90 .param/l "i1" 0 2 214, +C4<00>;
S_0x5ead062f8c70 .scope generate, "genblk2[0]" "genblk2[0]" 2 215, 2 215 0, S_0x5ead062f8970;
 .timescale -9 -12;
P_0x5ead062f8e70 .param/l "j1" 0 2 215, +C4<00>;
E_0x5ead062dd640 .event edge, v0x5ead063005e0_0, v0x5ead06300a40_0, v0x5ead06301400_0, v0x5ead06301400_1;
S_0x5ead062f8f80 .scope generate, "genblk2[1]" "genblk2[1]" 2 215, 2 215 0, S_0x5ead062f8970;
 .timescale -9 -12;
P_0x5ead062f91a0 .param/l "j1" 0 2 215, +C4<01>;
S_0x5ead062f9260 .scope generate, "genblk2[2]" "genblk2[2]" 2 215, 2 215 0, S_0x5ead062f8970;
 .timescale -9 -12;
P_0x5ead062f9440 .param/l "j1" 0 2 215, +C4<010>;
S_0x5ead062f9500 .scope generate, "genblk1[1]" "genblk1[1]" 2 214, 2 214 0, S_0x5ead062ae050;
 .timescale -9 -12;
P_0x5ead062f9700 .param/l "i1" 0 2 214, +C4<01>;
S_0x5ead062f97c0 .scope generate, "genblk2[0]" "genblk2[0]" 2 215, 2 215 0, S_0x5ead062f9500;
 .timescale -9 -12;
P_0x5ead062f99c0 .param/l "j1" 0 2 215, +C4<00>;
S_0x5ead062f9aa0 .scope generate, "genblk2[1]" "genblk2[1]" 2 215, 2 215 0, S_0x5ead062f9500;
 .timescale -9 -12;
P_0x5ead062f9ca0 .param/l "j1" 0 2 215, +C4<01>;
S_0x5ead062f9d60 .scope generate, "genblk2[2]" "genblk2[2]" 2 215, 2 215 0, S_0x5ead062f9500;
 .timescale -9 -12;
P_0x5ead062f9f40 .param/l "j1" 0 2 215, +C4<010>;
S_0x5ead062fa000 .scope generate, "genblk3[0]" "genblk3[0]" 2 436, 2 436 0, S_0x5ead062ae050;
 .timescale -9 -12;
P_0x5ead062fa1e0 .param/l "i1" 0 2 436, +C4<00>;
E_0x5ead062fa2a0 .event edge, v0x5ead06300420_0, v0x5ead062ff860_0, v0x5ead062fadb0_0;
S_0x5ead062fa300 .scope generate, "genblk3[1]" "genblk3[1]" 2 436, 2 436 0, S_0x5ead062ae050;
 .timescale -9 -12;
P_0x5ead062fa500 .param/l "i1" 0 2 436, +C4<01>;
S_0x5ead062506e0 .scope module, "Pipeline_Handler" "Pipeline_Handler" 2 467;
 .timescale -9 -12;
    .port_info 0 /INPUT 1 "clk";
    .port_info 1 /INPUT 1 "rst";
    .port_info 2 /INPUT 1 "flush";
    .port_info 3 /INPUT 1 "IFHold";
    .port_info 4 /INPUT 1 "IDHold";
    .port_info 5 /INPUT 1 "EXEHold";
    .port_info 6 /INPUT 1 "MEMHold";
    .port_info 7 /INPUT 1 "WBHold";
    .port_info 8 /OUTPUT 1 "PCGenEn";
    .port_info 9 /OUTPUT 1 "IFBufEn";
    .port_info 10 /OUTPUT 1 "IDBufEn";
    .port_info 11 /OUTPUT 1 "EXEBufEn";
    .port_info 12 /OUTPUT 1 "MEMBufEn";
    .port_info 13 /OUTPUT 1 "WBBufEn";
o0x74214769a3b8 .functor BUFZ 1, C4<z>; HiZ drive
L_0x5ead0630d520 .functor NOT 1, o0x74214769a3b8, C4<0>, C4<0>, C4<0>;
L_0x5ead0630d3e0 .functor AND 3, L_0x5ead0630d450, L_0x5ead0630d5c0, C4<111>, C4<111>;
v0x5ead06302dd0_0 .var "Buf_Enable", 5 0;
v0x5ead06302ed0_0 .net "EXEBufEn", 0 0, L_0x5ead0630cf20;  1 drivers
o0x74214769a028 .functor BUFZ 1, C4<z>; HiZ drive
v0x5ead06302f90_0 .net "EXEHold", 0 0, o0x74214769a028;  0 drivers
v0x5ead06303030_0 .var "Enable_Reg", 5 1;
v0x5ead06303110_0 .net "IDBufEn", 0 0, L_0x5ead0630d010;  1 drivers
o0x74214769a0b8 .functor BUFZ 1, C4<z>; HiZ drive
v0x5ead06303220_0 .net "IDHold", 0 0, o0x74214769a0b8;  0 drivers
v0x5ead063032e0_0 .net "IFBufEn", 0 0, L_0x5ead0630d0e0;  1 drivers
o0x74214769a118 .functor BUFZ 1, C4<z>; HiZ drive
v0x5ead063033a0_0 .net "IFHold", 0 0, o0x74214769a118;  0 drivers
v0x5ead06303460_0 .net "MEMBufEn", 0 0, L_0x5ead0630ce80;  1 drivers
o0x74214769a178 .functor BUFZ 1, C4<z>; HiZ drive
v0x5ead06303520_0 .net "MEMHold", 0 0, o0x74214769a178;  0 drivers
v0x5ead063035e0_0 .net "PCGenEn", 0 0, L_0x5ead0630d210;  1 drivers
v0x5ead063036a0_0 .net "WBBufEn", 0 0, L_0x5ead0630cd40;  1 drivers
o0x74214769a208 .functor BUFZ 1, C4<z>; HiZ drive
v0x5ead06303760_0 .net "WBHold", 0 0, o0x74214769a208;  0 drivers
v0x5ead06303820_0 .net *"_ivl_14", 1 0, L_0x5ead0630d2e0;  1 drivers
v0x5ead06303900_0 .net *"_ivl_16", 2 0, L_0x5ead0630d450;  1 drivers
v0x5ead063039e0_0 .net *"_ivl_17", 0 0, L_0x5ead0630d520;  1 drivers
v0x5ead06303ac0_0 .net *"_ivl_19", 2 0, L_0x5ead0630d5c0;  1 drivers
v0x5ead06303ba0_0 .net *"_ivl_21", 2 0, L_0x5ead0630d3e0;  1 drivers
v0x5ead06303c80_0 .net *"_ivl_24", 0 0, L_0x5ead0630d790;  1 drivers
v0x5ead06303d60_0 .net *"_ivl_25", 5 0, L_0x5ead0630d830;  1 drivers
o0x74214769a388 .functor BUFZ 1, C4<z>; HiZ drive
v0x5ead06303e40_0 .net "clk", 0 0, o0x74214769a388;  0 drivers
v0x5ead06303f00_0 .net "flush", 0 0, o0x74214769a3b8;  0 drivers
v0x5ead06303fc0_0 .var/i "i", 31 0;
o0x74214769a418 .functor BUFZ 1, C4<z>; HiZ drive
v0x5ead063040a0_0 .net "rst", 0 0, o0x74214769a418;  0 drivers
v0x5ead06304160_0 .net "stall", 4 0, L_0x5ead0630cc00;  1 drivers
E_0x5ead06301c90/0 .event edge, v0x5ead06303760_0, v0x5ead06304160_0, v0x5ead06302dd0_0, v0x5ead06303030_0;
E_0x5ead06301c90/1 .event edge, v0x5ead06303f00_0;
E_0x5ead06301c90 .event/or E_0x5ead06301c90/0, E_0x5ead06301c90/1;
L_0x5ead0630c930 .part v0x5ead06302dd0_0, 1, 1;
L_0x5ead0630c9d0 .part v0x5ead06302dd0_0, 2, 1;
L_0x5ead0630cac0 .part v0x5ead06302dd0_0, 3, 1;
L_0x5ead0630cb60 .part v0x5ead06302dd0_0, 4, 1;
LS_0x5ead0630cc00_0_0 .concat [ 1 1 1 1], o0x74214769a208, o0x74214769a178, o0x74214769a028, o0x74214769a0b8;
LS_0x5ead0630cc00_0_4 .concat [ 1 0 0 0], o0x74214769a118;
L_0x5ead0630cc00 .concat [ 4 1 0 0], LS_0x5ead0630cc00_0_0, LS_0x5ead0630cc00_0_4;
L_0x5ead0630cd40 .part L_0x5ead0630d830, 5, 1;
L_0x5ead0630ce80 .part L_0x5ead0630d830, 4, 1;
L_0x5ead0630cf20 .part L_0x5ead0630d830, 3, 1;
L_0x5ead0630d010 .part L_0x5ead0630d830, 2, 1;
L_0x5ead0630d0e0 .part L_0x5ead0630d830, 1, 1;
L_0x5ead0630d210 .part L_0x5ead0630d830, 0, 1;
L_0x5ead0630d2e0 .part v0x5ead06303030_0, 3, 2;
L_0x5ead0630d450 .part v0x5ead06303030_0, 0, 3;
L_0x5ead0630d5c0 .concat [ 1 1 1 0], L_0x5ead0630d520, L_0x5ead0630d520, L_0x5ead0630d520;
L_0x5ead0630d790 .part v0x5ead06302dd0_0, 0, 1;
L_0x5ead0630d830 .concat [ 1 3 2 0], L_0x5ead0630d790, L_0x5ead0630d3e0, L_0x5ead0630d2e0;
S_0x5ead06301d20 .scope generate, "genblk1[1]" "genblk1[1]" 2 490, 2 490 0, S_0x5ead062506e0;
 .timescale -9 -12;
P_0x5ead06301ef0 .param/l "g" 0 2 490, +C4<01>;
v0x5ead06302030_0 .net *"_ivl_3", 0 0, L_0x5ead0630c930;  1 drivers
E_0x5ead06301fd0/0 .event negedge, L_0x5ead0630c930, v0x5ead063040a0_0;
E_0x5ead06301fd0/1 .event posedge, v0x5ead06303e40_0;
E_0x5ead06301fd0 .event/or E_0x5ead06301fd0/0, E_0x5ead06301fd0/1;
S_0x5ead06302130 .scope generate, "genblk1[2]" "genblk1[2]" 2 490, 2 490 0, S_0x5ead062506e0;
 .timescale -9 -12;
P_0x5ead06302350 .param/l "g" 0 2 490, +C4<010>;
v0x5ead06302470_0 .net *"_ivl_3", 0 0, L_0x5ead0630c9d0;  1 drivers
E_0x5ead06302410/0 .event negedge, L_0x5ead0630c9d0, v0x5ead063040a0_0;
E_0x5ead06302410/1 .event posedge, v0x5ead06303e40_0;
E_0x5ead06302410 .event/or E_0x5ead06302410/0, E_0x5ead06302410/1;
S_0x5ead06302570 .scope generate, "genblk1[3]" "genblk1[3]" 2 490, 2 490 0, S_0x5ead062506e0;
 .timescale -9 -12;
P_0x5ead06302770 .param/l "g" 0 2 490, +C4<011>;
v0x5ead06302890_0 .net *"_ivl_3", 0 0, L_0x5ead0630cac0;  1 drivers
E_0x5ead06302830/0 .event negedge, L_0x5ead0630cac0, v0x5ead063040a0_0;
E_0x5ead06302830/1 .event posedge, v0x5ead06303e40_0;
E_0x5ead06302830 .event/or E_0x5ead06302830/0, E_0x5ead06302830/1;
S_0x5ead06302990 .scope generate, "genblk1[4]" "genblk1[4]" 2 490, 2 490 0, S_0x5ead062506e0;
 .timescale -9 -12;
P_0x5ead06302b90 .param/l "g" 0 2 490, +C4<0100>;
v0x5ead06302cd0_0 .net *"_ivl_3", 0 0, L_0x5ead0630cb60;  1 drivers
E_0x5ead06302c70/0 .event negedge, L_0x5ead0630cb60, v0x5ead063040a0_0;
E_0x5ead06302c70/1 .event posedge, v0x5ead06303e40_0;
E_0x5ead06302c70 .event/or E_0x5ead06302c70/0, E_0x5ead06302c70/1;
S_0x5ead062c4100 .scope module, "SR_Reg" "SR_Reg" 2 456;
 .timescale -9 -12;
    .port_info 0 /INPUT 1 "d";
    .port_info 1 /INPUT 1 "s";
    .port_info 2 /INPUT 1 "r";
    .port_info 3 /INPUT 1 "clk";
    .port_info 4 /INPUT 1 "g";
    .port_info 5 /OUTPUT 1 "q";
o0x74214769a718 .functor BUFZ 1, C4<z>; HiZ drive
v0x5ead06304480_0 .net "clk", 0 0, o0x74214769a718;  0 drivers
o0x74214769a748 .functor BUFZ 1, C4<z>; HiZ drive
v0x5ead06304560_0 .net "d", 0 0, o0x74214769a748;  0 drivers
o0x74214769a778 .functor BUFZ 1, C4<z>; HiZ drive
v0x5ead06304620_0 .net "g", 0 0, o0x74214769a778;  0 drivers
v0x5ead063046c0_0 .var "q", 0 0;
o0x74214769a7d8 .functor BUFZ 1, C4<z>; HiZ drive
v0x5ead06304780_0 .net "r", 0 0, o0x74214769a7d8;  0 drivers
o0x74214769a808 .functor BUFZ 1, C4<z>; HiZ drive
v0x5ead06304840_0 .net "s", 0 0, o0x74214769a808;  0 drivers
E_0x5ead06304400/0 .event negedge, v0x5ead06304840_0, v0x5ead06304780_0;
E_0x5ead06304400/1 .event posedge, v0x5ead06304480_0;
E_0x5ead06304400 .event/or E_0x5ead06304400/0, E_0x5ead06304400/1;
    .scope S_0x5ead062b4240;
T_0 ;
    %wait E_0x5ead06248640;
    %load/vec4 v0x5ead062a3040_0;
    %dup/vec4;
    %pushi/vec4 0, 0, 5;
    %cmp/u;
    %jmp/1 T_0.0, 6;
    %dup/vec4;
    %pushi/vec4 1, 0, 5;
    %cmp/u;
    %jmp/1 T_0.1, 6;
    %dup/vec4;
    %pushi/vec4 2, 0, 5;
    %cmp/u;
    %jmp/1 T_0.2, 6;
    %dup/vec4;
    %pushi/vec4 3, 0, 5;
    %cmp/u;
    %jmp/1 T_0.3, 6;
    %dup/vec4;
    %pushi/vec4 4, 0, 5;
    %cmp/u;
    %jmp/1 T_0.4, 6;
    %dup/vec4;
    %pushi/vec4 5, 0, 5;
    %cmp/u;
    %jmp/1 T_0.5, 6;
    %dup/vec4;
    %pushi/vec4 6, 0, 5;
    %cmp/u;
    %jmp/1 T_0.6, 6;
    %dup/vec4;
    %pushi/vec4 7, 0, 5;
    %cmp/u;
    %jmp/1 T_0.7, 6;
    %dup/vec4;
    %pushi/vec4 8, 0, 5;
    %cmp/u;
    %jmp/1 T_0.8, 6;
    %dup/vec4;
    %pushi/vec4 9, 0, 5;
    %cmp/u;
    %jmp/1 T_0.9, 6;
    %dup/vec4;
    %pushi/vec4 10, 0, 5;
    %cmp/u;
    %jmp/1 T_0.10, 6;
    %dup/vec4;
    %pushi/vec4 11, 0, 5;
    %cmp/u;
    %jmp/1 T_0.11, 6;
    %dup/vec4;
    %pushi/vec4 12, 0, 5;
    %cmp/u;
    %jmp/1 T_0.12, 6;
    %dup/vec4;
    %pushi/vec4 13, 0, 5;
    %cmp/u;
    %jmp/1 T_0.13, 6;
    %dup/vec4;
    %pushi/vec4 14, 0, 5;
    %cmp/u;
    %jmp/1 T_0.14, 6;
    %dup/vec4;
    %pushi/vec4 15, 0, 5;
    %cmp/u;
    %jmp/1 T_0.15, 6;
    %dup/vec4;
    %pushi/vec4 16, 0, 5;
    %cmp/u;
    %jmp/1 T_0.16, 6;
    %dup/vec4;
    %pushi/vec4 17, 0, 5;
    %cmp/u;
    %jmp/1 T_0.17, 6;
    %dup/vec4;
    %pushi/vec4 18, 0, 5;
    %cmp/u;
    %jmp/1 T_0.18, 6;
    %dup/vec4;
    %pushi/vec4 19, 0, 5;
    %cmp/u;
    %jmp/1 T_0.19, 6;
    %dup/vec4;
    %pushi/vec4 20, 0, 5;
    %cmp/u;
    %jmp/1 T_0.20, 6;
    %dup/vec4;
    %pushi/vec4 21, 0, 5;
    %cmp/u;
    %jmp/1 T_0.21, 6;
    %dup/vec4;
    %pushi/vec4 22, 0, 5;
    %cmp/u;
    %jmp/1 T_0.22, 6;
    %dup/vec4;
    %pushi/vec4 23, 0, 5;
    %cmp/u;
    %jmp/1 T_0.23, 6;
    %dup/vec4;
    %pushi/vec4 24, 0, 5;
    %cmp/u;
    %jmp/1 T_0.24, 6;
    %dup/vec4;
    %pushi/vec4 25, 0, 5;
    %cmp/u;
    %jmp/1 T_0.25, 6;
    %dup/vec4;
    %pushi/vec4 26, 0, 5;
    %cmp/u;
    %jmp/1 T_0.26, 6;
    %dup/vec4;
    %pushi/vec4 27, 0, 5;
    %cmp/u;
    %jmp/1 T_0.27, 6;
    %dup/vec4;
    %pushi/vec4 28, 0, 5;
    %cmp/u;
    %jmp/1 T_0.28, 6;
    %dup/vec4;
    %pushi/vec4 29, 0, 5;
    %cmp/u;
    %jmp/1 T_0.29, 6;
    %dup/vec4;
    %pushi/vec4 30, 0, 5;
    %cmp/u;
    %jmp/1 T_0.30, 6;
    %dup/vec4;
    %pushi/vec4 31, 0, 5;
    %cmp/u;
    %jmp/1 T_0.31, 6;
    %jmp T_0.32;
T_0.0 ;
    %load/vec4 v0x5ead062a5440_0;
    %parti/s 1, 0, 2;
    %assign/vec4 v0x5ead062a95f0_0, 0;
    %jmp T_0.32;
T_0.1 ;
    %load/vec4 v0x5ead062a5440_0;
    %parti/s 1, 1, 2;
    %assign/vec4 v0x5ead062a95f0_0, 0;
    %jmp T_0.32;
T_0.2 ;
    %load/vec4 v0x5ead062a5440_0;
    %parti/s 1, 2, 3;
    %assign/vec4 v0x5ead062a95f0_0, 0;
    %jmp T_0.32;
T_0.3 ;
    %load/vec4 v0x5ead062a5440_0;
    %parti/s 1, 3, 3;
    %assign/vec4 v0x5ead062a95f0_0, 0;
    %jmp T_0.32;
T_0.4 ;
    %load/vec4 v0x5ead062a5440_0;
    %parti/s 1, 4, 4;
    %assign/vec4 v0x5ead062a95f0_0, 0;
    %jmp T_0.32;
T_0.5 ;
    %load/vec4 v0x5ead062a5440_0;
    %parti/s 1, 5, 4;
    %assign/vec4 v0x5ead062a95f0_0, 0;
    %jmp T_0.32;
T_0.6 ;
    %load/vec4 v0x5ead062a5440_0;
    %parti/s 1, 6, 4;
    %assign/vec4 v0x5ead062a95f0_0, 0;
    %jmp T_0.32;
T_0.7 ;
    %load/vec4 v0x5ead062a5440_0;
    %parti/s 1, 7, 4;
    %assign/vec4 v0x5ead062a95f0_0, 0;
    %jmp T_0.32;
T_0.8 ;
    %load/vec4 v0x5ead062a5440_0;
    %parti/s 1, 8, 5;
    %assign/vec4 v0x5ead062a95f0_0, 0;
    %jmp T_0.32;
T_0.9 ;
    %load/vec4 v0x5ead062a5440_0;
    %parti/s 1, 9, 5;
    %assign/vec4 v0x5ead062a95f0_0, 0;
    %jmp T_0.32;
T_0.10 ;
    %load/vec4 v0x5ead062a5440_0;
    %parti/s 1, 10, 5;
    %assign/vec4 v0x5ead062a95f0_0, 0;
    %jmp T_0.32;
T_0.11 ;
    %load/vec4 v0x5ead062a5440_0;
    %parti/s 1, 11, 5;
    %assign/vec4 v0x5ead062a95f0_0, 0;
    %jmp T_0.32;
T_0.12 ;
    %load/vec4 v0x5ead062a5440_0;
    %parti/s 1, 12, 5;
    %assign/vec4 v0x5ead062a95f0_0, 0;
    %jmp T_0.32;
T_0.13 ;
    %load/vec4 v0x5ead062a5440_0;
    %parti/s 1, 13, 5;
    %assign/vec4 v0x5ead062a95f0_0, 0;
    %jmp T_0.32;
T_0.14 ;
    %load/vec4 v0x5ead062a5440_0;
    %parti/s 1, 14, 5;
    %assign/vec4 v0x5ead062a95f0_0, 0;
    %jmp T_0.32;
T_0.15 ;
    %load/vec4 v0x5ead062a5440_0;
    %parti/s 1, 15, 5;
    %assign/vec4 v0x5ead062a95f0_0, 0;
    %jmp T_0.32;
T_0.16 ;
    %load/vec4 v0x5ead062a5440_0;
    %parti/s 1, 16, 6;
    %assign/vec4 v0x5ead062a95f0_0, 0;
    %jmp T_0.32;
T_0.17 ;
    %load/vec4 v0x5ead062a5440_0;
    %parti/s 1, 17, 6;
    %assign/vec4 v0x5ead062a95f0_0, 0;
    %jmp T_0.32;
T_0.18 ;
    %load/vec4 v0x5ead062a5440_0;
    %parti/s 1, 18, 6;
    %assign/vec4 v0x5ead062a95f0_0, 0;
    %jmp T_0.32;
T_0.19 ;
    %load/vec4 v0x5ead062a5440_0;
    %parti/s 1, 19, 6;
    %assign/vec4 v0x5ead062a95f0_0, 0;
    %jmp T_0.32;
T_0.20 ;
    %load/vec4 v0x5ead062a5440_0;
    %parti/s 1, 20, 6;
    %assign/vec4 v0x5ead062a95f0_0, 0;
    %jmp T_0.32;
T_0.21 ;
    %load/vec4 v0x5ead062a5440_0;
    %parti/s 1, 21, 6;
    %assign/vec4 v0x5ead062a95f0_0, 0;
    %jmp T_0.32;
T_0.22 ;
    %load/vec4 v0x5ead062a5440_0;
    %parti/s 1, 22, 6;
    %assign/vec4 v0x5ead062a95f0_0, 0;
    %jmp T_0.32;
T_0.23 ;
    %load/vec4 v0x5ead062a5440_0;
    %parti/s 1, 23, 6;
    %assign/vec4 v0x5ead062a95f0_0, 0;
    %jmp T_0.32;
T_0.24 ;
    %load/vec4 v0x5ead062a5440_0;
    %parti/s 1, 24, 6;
    %assign/vec4 v0x5ead062a95f0_0, 0;
    %jmp T_0.32;
T_0.25 ;
    %load/vec4 v0x5ead062a5440_0;
    %parti/s 1, 25, 6;
    %assign/vec4 v0x5ead062a95f0_0, 0;
    %jmp T_0.32;
T_0.26 ;
    %load/vec4 v0x5ead062a5440_0;
    %parti/s 1, 26, 6;
    %assign/vec4 v0x5ead062a95f0_0, 0;
    %jmp T_0.32;
T_0.27 ;
    %load/vec4 v0x5ead062a5440_0;
    %parti/s 1, 27, 6;
    %assign/vec4 v0x5ead062a95f0_0, 0;
    %jmp T_0.32;
T_0.28 ;
    %load/vec4 v0x5ead062a5440_0;
    %parti/s 1, 28, 6;
    %assign/vec4 v0x5ead062a95f0_0, 0;
    %jmp T_0.32;
T_0.29 ;
    %load/vec4 v0x5ead062a5440_0;
    %parti/s 1, 29, 6;
    %assign/vec4 v0x5ead062a95f0_0, 0;
    %jmp T_0.32;
T_0.30 ;
    %load/vec4 v0x5ead062a5440_0;
    %parti/s 1, 30, 6;
    %assign/vec4 v0x5ead062a95f0_0, 0;
    %jmp T_0.32;
T_0.31 ;
    %load/vec4 v0x5ead062a5440_0;
    %parti/s 1, 31, 6;
    %assign/vec4 v0x5ead062a95f0_0, 0;
    %jmp T_0.32;
T_0.32 ;
    %pop/vec4 1;
    %jmp T_0;
    .thread T_0, $push;
    .scope S_0x5ead062f8c70;
T_1 ;
    %wait E_0x5ead062dd640;
    %load/vec4 v0x5ead063005e0_0;
    %dup/vec4;
    %pushi/vec4 0, 0, 7;
    %cmp/u;
    %jmp/1 T_1.0, 6;
    %dup/vec4;
    %pushi/vec4 1, 0, 7;
    %cmp/u;
    %jmp/1 T_1.1, 6;
    %dup/vec4;
    %pushi/vec4 3, 0, 7;
    %cmp/u;
    %jmp/1 T_1.2, 6;
    %dup/vec4;
    %pushi/vec4 5, 0, 7;
    %cmp/u;
    %jmp/1 T_1.3, 6;
    %dup/vec4;
    %pushi/vec4 7, 0, 7;
    %cmp/u;
    %jmp/1 T_1.4, 6;
    %dup/vec4;
    %pushi/vec4 8, 0, 7;
    %cmp/u;
    %jmp/1 T_1.5, 6;
    %dup/vec4;
    %pushi/vec4 2, 0, 7;
    %cmp/u;
    %jmp/1 T_1.6, 6;
    %pushi/vec4 0, 0, 1;
    %ix/load 4, 0, 0;
    %flag_set/imm 4, 0;
    %store/vec4 v0x5ead062ff860_0, 4, 1;
    %jmp T_1.8;
T_1.0 ;
    %load/vec4 v0x5ead06300a40_0;
    %parti/s 5, 0, 2;
    %ix/load 4, 0, 0;
    %flag_set/imm 4, 0;
    %load/vec4a v0x5ead06301400, 4;
    %cmp/e;
    %flag_get/vec4 4;
    %ix/load 4, 0, 0;
    %flag_set/imm 4, 0;
    %store/vec4 v0x5ead062ff860_0, 4, 1;
    %jmp T_1.8;
T_1.1 ;
    %load/vec4 v0x5ead06300a40_0;
    %parti/s 5, 0, 2;
    %ix/load 4, 0, 0;
    %flag_set/imm 4, 0;
    %load/vec4a v0x5ead06301400, 4;
    %cmp/e;
    %flag_get/vec4 4;
    %ix/load 4, 0, 0;
    %flag_set/imm 4, 0;
    %store/vec4 v0x5ead062ff860_0, 4, 1;
    %jmp T_1.8;
T_1.2 ;
    %load/vec4 v0x5ead06300a40_0;
    %parti/s 5, 0, 2;
    %ix/load 4, 0, 0;
    %flag_set/imm 4, 0;
    %load/vec4a v0x5ead06301400, 4;
    %cmp/e;
    %flag_get/vec4 4;
    %ix/load 4, 0, 0;
    %flag_set/imm 4, 0;
    %store/vec4 v0x5ead062ff860_0, 4, 1;
    %jmp T_1.8;
T_1.3 ;
    %load/vec4 v0x5ead06300a40_0;
    %parti/s 5, 0, 2;
    %ix/load 4, 0, 0;
    %flag_set/imm 4, 0;
    %load/vec4a v0x5ead06301400, 4;
    %cmp/e;
    %flag_get/vec4 4;
    %ix/load 4, 0, 0;
    %flag_set/imm 4, 0;
    %store/vec4 v0x5ead062ff860_0, 4, 1;
    %jmp T_1.8;
T_1.4 ;
    %load/vec4 v0x5ead06300a40_0;
    %parti/s 5, 0, 2;
    %ix/load 4, 0, 0;
    %flag_set/imm 4, 0;
    %load/vec4a v0x5ead06301400, 4;
    %cmp/e;
    %flag_get/vec4 4;
    %ix/load 4, 0, 0;
    %flag_set/imm 4, 0;
    %store/vec4 v0x5ead062ff860_0, 4, 1;
    %jmp T_1.8;
T_1.5 ;
    %load/vec4 v0x5ead06300a40_0;
    %parti/s 5, 0, 2;
    %ix/load 4, 0, 0;
    %flag_set/imm 4, 0;
    %load/vec4a v0x5ead06301400, 4;
    %cmp/e;
    %flag_get/vec4 4;
    %ix/load 4, 0, 0;
    %flag_set/imm 4, 0;
    %store/vec4 v0x5ead062ff860_0, 4, 1;
    %jmp T_1.8;
T_1.6 ;
    %load/vec4 v0x5ead06300a40_0;
    %parti/s 5, 0, 2;
    %ix/load 4, 0, 0;
    %flag_set/imm 4, 0;
    %load/vec4a v0x5ead06301400, 4;
    %cmp/e;
    %flag_get/vec4 4;
    %ix/load 4, 0, 0;
    %flag_set/imm 4, 0;
    %store/vec4 v0x5ead062ff860_0, 4, 1;
    %jmp T_1.8;
T_1.8 ;
    %pop/vec4 1;
    %jmp T_1;
    .thread T_1, $push;
    .scope S_0x5ead062f8f80;
T_2 ;
    %wait E_0x5ead062dd640;
    %load/vec4 v0x5ead063005e0_0;
    %dup/vec4;
    %pushi/vec4 0, 0, 7;
    %cmp/u;
    %jmp/1 T_2.0, 6;
    %dup/vec4;
    %pushi/vec4 1, 0, 7;
    %cmp/u;
    %jmp/1 T_2.1, 6;
    %dup/vec4;
    %pushi/vec4 3, 0, 7;
    %cmp/u;
    %jmp/1 T_2.2, 6;
    %dup/vec4;
    %pushi/vec4 5, 0, 7;
    %cmp/u;
    %jmp/1 T_2.3, 6;
    %dup/vec4;
    %pushi/vec4 7, 0, 7;
    %cmp/u;
    %jmp/1 T_2.4, 6;
    %dup/vec4;
    %pushi/vec4 8, 0, 7;
    %cmp/u;
    %jmp/1 T_2.5, 6;
    %dup/vec4;
    %pushi/vec4 2, 0, 7;
    %cmp/u;
    %jmp/1 T_2.6, 6;
    %pushi/vec4 0, 0, 1;
    %ix/load 4, 1, 0;
    %flag_set/imm 4, 0;
    %store/vec4 v0x5ead062ff860_0, 4, 1;
    %jmp T_2.8;
T_2.0 ;
    %load/vec4 v0x5ead06300a40_0;
    %parti/s 5, 5, 4;
    %ix/load 4, 0, 0;
    %flag_set/imm 4, 0;
    %load/vec4a v0x5ead06301400, 4;
    %cmp/e;
    %flag_get/vec4 4;
    %ix/load 4, 1, 0;
    %flag_set/imm 4, 0;
    %store/vec4 v0x5ead062ff860_0, 4, 1;
    %jmp T_2.8;
T_2.1 ;
    %load/vec4 v0x5ead06300a40_0;
    %parti/s 5, 5, 4;
    %ix/load 4, 0, 0;
    %flag_set/imm 4, 0;
    %load/vec4a v0x5ead06301400, 4;
    %cmp/e;
    %flag_get/vec4 4;
    %ix/load 4, 1, 0;
    %flag_set/imm 4, 0;
    %store/vec4 v0x5ead062ff860_0, 4, 1;
    %jmp T_2.8;
T_2.2 ;
    %load/vec4 v0x5ead06300a40_0;
    %parti/s 5, 5, 4;
    %ix/load 4, 0, 0;
    %flag_set/imm 4, 0;
    %load/vec4a v0x5ead06301400, 4;
    %cmp/e;
    %flag_get/vec4 4;
    %ix/load 4, 1, 0;
    %flag_set/imm 4, 0;
    %store/vec4 v0x5ead062ff860_0, 4, 1;
    %jmp T_2.8;
T_2.3 ;
    %load/vec4 v0x5ead06300a40_0;
    %parti/s 5, 5, 4;
    %ix/load 4, 0, 0;
    %flag_set/imm 4, 0;
    %load/vec4a v0x5ead06301400, 4;
    %cmp/e;
    %flag_get/vec4 4;
    %ix/load 4, 1, 0;
    %flag_set/imm 4, 0;
    %store/vec4 v0x5ead062ff860_0, 4, 1;
    %jmp T_2.8;
T_2.4 ;
    %load/vec4 v0x5ead06300a40_0;
    %parti/s 5, 5, 4;
    %ix/load 4, 0, 0;
    %flag_set/imm 4, 0;
    %load/vec4a v0x5ead06301400, 4;
    %cmp/e;
    %flag_get/vec4 4;
    %ix/load 4, 1, 0;
    %flag_set/imm 4, 0;
    %store/vec4 v0x5ead062ff860_0, 4, 1;
    %jmp T_2.8;
T_2.5 ;
    %load/vec4 v0x5ead06300a40_0;
    %parti/s 5, 5, 4;
    %ix/load 4, 0, 0;
    %flag_set/imm 4, 0;
    %load/vec4a v0x5ead06301400, 4;
    %cmp/e;
    %flag_get/vec4 4;
    %ix/load 4, 1, 0;
    %flag_set/imm 4, 0;
    %store/vec4 v0x5ead062ff860_0, 4, 1;
    %jmp T_2.8;
T_2.6 ;
    %load/vec4 v0x5ead06300a40_0;
    %parti/s 5, 5, 4;
    %ix/load 4, 0, 0;
    %flag_set/imm 4, 0;
    %load/vec4a v0x5ead06301400, 4;
    %cmp/e;
    %flag_get/vec4 4;
    %ix/load 4, 1, 0;
    %flag_set/imm 4, 0;
    %store/vec4 v0x5ead062ff860_0, 4, 1;
    %jmp T_2.8;
T_2.8 ;
    %pop/vec4 1;
    %jmp T_2;
    .thread T_2, $push;
    .scope S_0x5ead062f9260;
T_3 ;
    %wait E_0x5ead062dd640;
    %load/vec4 v0x5ead063005e0_0;
    %dup/vec4;
    %pushi/vec4 0, 0, 7;
    %cmp/u;
    %jmp/1 T_3.0, 6;
    %dup/vec4;
    %pushi/vec4 1, 0, 7;
    %cmp/u;
    %jmp/1 T_3.1, 6;
    %dup/vec4;
    %pushi/vec4 3, 0, 7;
    %cmp/u;
    %jmp/1 T_3.2, 6;
    %dup/vec4;
    %pushi/vec4 5, 0, 7;
    %cmp/u;
    %jmp/1 T_3.3, 6;
    %dup/vec4;
    %pushi/vec4 7, 0, 7;
    %cmp/u;
    %jmp/1 T_3.4, 6;
    %dup/vec4;
    %pushi/vec4 8, 0, 7;
    %cmp/u;
    %jmp/1 T_3.5, 6;
    %dup/vec4;
    %pushi/vec4 2, 0, 7;
    %cmp/u;
    %jmp/1 T_3.6, 6;
    %pushi/vec4 0, 0, 1;
    %ix/load 4, 2, 0;
    %flag_set/imm 4, 0;
    %store/vec4 v0x5ead062ff860_0, 4, 1;
    %jmp T_3.8;
T_3.0 ;
    %load/vec4 v0x5ead06300a40_0;
    %parti/s 5, 10, 5;
    %ix/load 4, 0, 0;
    %flag_set/imm 4, 0;
    %load/vec4a v0x5ead06301400, 4;
    %cmp/e;
    %flag_get/vec4 4;
    %ix/load 4, 2, 0;
    %flag_set/imm 4, 0;
    %store/vec4 v0x5ead062ff860_0, 4, 1;
    %jmp T_3.8;
T_3.1 ;
    %load/vec4 v0x5ead06300a40_0;
    %parti/s 5, 10, 5;
    %ix/load 4, 0, 0;
    %flag_set/imm 4, 0;
    %load/vec4a v0x5ead06301400, 4;
    %cmp/e;
    %flag_get/vec4 4;
    %ix/load 4, 2, 0;
    %flag_set/imm 4, 0;
    %store/vec4 v0x5ead062ff860_0, 4, 1;
    %jmp T_3.8;
T_3.2 ;
    %load/vec4 v0x5ead06300a40_0;
    %parti/s 5, 10, 5;
    %ix/load 4, 0, 0;
    %flag_set/imm 4, 0;
    %load/vec4a v0x5ead06301400, 4;
    %cmp/e;
    %flag_get/vec4 4;
    %ix/load 4, 2, 0;
    %flag_set/imm 4, 0;
    %store/vec4 v0x5ead062ff860_0, 4, 1;
    %jmp T_3.8;
T_3.3 ;
    %load/vec4 v0x5ead06300a40_0;
    %parti/s 5, 10, 5;
    %ix/load 4, 0, 0;
    %flag_set/imm 4, 0;
    %load/vec4a v0x5ead06301400, 4;
    %cmp/e;
    %flag_get/vec4 4;
    %ix/load 4, 2, 0;
    %flag_set/imm 4, 0;
    %store/vec4 v0x5ead062ff860_0, 4, 1;
    %jmp T_3.8;
T_3.4 ;
    %load/vec4 v0x5ead06300a40_0;
    %parti/s 5, 10, 5;
    %ix/load 4, 0, 0;
    %flag_set/imm 4, 0;
    %load/vec4a v0x5ead06301400, 4;
    %cmp/e;
    %flag_get/vec4 4;
    %ix/load 4, 2, 0;
    %flag_set/imm 4, 0;
    %store/vec4 v0x5ead062ff860_0, 4, 1;
    %jmp T_3.8;
T_3.5 ;
    %load/vec4 v0x5ead06300a40_0;
    %parti/s 5, 10, 5;
    %ix/load 4, 0, 0;
    %flag_set/imm 4, 0;
    %load/vec4a v0x5ead06301400, 4;
    %cmp/e;
    %flag_get/vec4 4;
    %ix/load 4, 2, 0;
    %flag_set/imm 4, 0;
    %store/vec4 v0x5ead062ff860_0, 4, 1;
    %jmp T_3.8;
T_3.6 ;
    %load/vec4 v0x5ead06300a40_0;
    %parti/s 5, 10, 5;
    %ix/load 4, 0, 0;
    %flag_set/imm 4, 0;
    %load/vec4a v0x5ead06301400, 4;
    %cmp/e;
    %flag_get/vec4 4;
    %ix/load 4, 2, 0;
    %flag_set/imm 4, 0;
    %store/vec4 v0x5ead062ff860_0, 4, 1;
    %jmp T_3.8;
T_3.8 ;
    %pop/vec4 1;
    %jmp T_3;
    .thread T_3, $push;
    .scope S_0x5ead062f97c0;
T_4 ;
    %wait E_0x5ead062dd640;
    %load/vec4 v0x5ead063005e0_0;
    %dup/vec4;
    %pushi/vec4 0, 0, 7;
    %cmp/u;
    %jmp/1 T_4.0, 6;
    %dup/vec4;
    %pushi/vec4 1, 0, 7;
    %cmp/u;
    %jmp/1 T_4.1, 6;
    %dup/vec4;
    %pushi/vec4 3, 0, 7;
    %cmp/u;
    %jmp/1 T_4.2, 6;
    %dup/vec4;
    %pushi/vec4 5, 0, 7;
    %cmp/u;
    %jmp/1 T_4.3, 6;
    %dup/vec4;
    %pushi/vec4 7, 0, 7;
    %cmp/u;
    %jmp/1 T_4.4, 6;
    %dup/vec4;
    %pushi/vec4 8, 0, 7;
    %cmp/u;
    %jmp/1 T_4.5, 6;
    %dup/vec4;
    %pushi/vec4 2, 0, 7;
    %cmp/u;
    %jmp/1 T_4.6, 6;
    %pushi/vec4 0, 0, 1;
    %ix/load 4, 3, 0;
    %flag_set/imm 4, 0;
    %store/vec4 v0x5ead062ff860_0, 4, 1;
    %jmp T_4.8;
T_4.0 ;
    %load/vec4 v0x5ead06300a40_0;
    %parti/s 5, 0, 2;
    %ix/load 4, 1, 0;
    %flag_set/imm 4, 0;
    %load/vec4a v0x5ead06301400, 4;
    %cmp/e;
    %flag_get/vec4 4;
    %ix/load 4, 3, 0;
    %flag_set/imm 4, 0;
    %store/vec4 v0x5ead062ff860_0, 4, 1;
    %jmp T_4.8;
T_4.1 ;
    %load/vec4 v0x5ead06300a40_0;
    %parti/s 5, 0, 2;
    %ix/load 4, 1, 0;
    %flag_set/imm 4, 0;
    %load/vec4a v0x5ead06301400, 4;
    %cmp/e;
    %flag_get/vec4 4;
    %ix/load 4, 3, 0;
    %flag_set/imm 4, 0;
    %store/vec4 v0x5ead062ff860_0, 4, 1;
    %jmp T_4.8;
T_4.2 ;
    %load/vec4 v0x5ead06300a40_0;
    %parti/s 5, 0, 2;
    %ix/load 4, 1, 0;
    %flag_set/imm 4, 0;
    %load/vec4a v0x5ead06301400, 4;
    %cmp/e;
    %flag_get/vec4 4;
    %ix/load 4, 3, 0;
    %flag_set/imm 4, 0;
    %store/vec4 v0x5ead062ff860_0, 4, 1;
    %jmp T_4.8;
T_4.3 ;
    %load/vec4 v0x5ead06300a40_0;
    %parti/s 5, 0, 2;
    %ix/load 4, 1, 0;
    %flag_set/imm 4, 0;
    %load/vec4a v0x5ead06301400, 4;
    %cmp/e;
    %flag_get/vec4 4;
    %ix/load 4, 3, 0;
    %flag_set/imm 4, 0;
    %store/vec4 v0x5ead062ff860_0, 4, 1;
    %jmp T_4.8;
T_4.4 ;
    %load/vec4 v0x5ead06300a40_0;
    %parti/s 5, 0, 2;
    %ix/load 4, 1, 0;
    %flag_set/imm 4, 0;
    %load/vec4a v0x5ead06301400, 4;
    %cmp/e;
    %flag_get/vec4 4;
    %ix/load 4, 3, 0;
    %flag_set/imm 4, 0;
    %store/vec4 v0x5ead062ff860_0, 4, 1;
    %jmp T_4.8;
T_4.5 ;
    %load/vec4 v0x5ead06300a40_0;
    %parti/s 5, 0, 2;
    %ix/load 4, 1, 0;
    %flag_set/imm 4, 0;
    %load/vec4a v0x5ead06301400, 4;
    %cmp/e;
    %flag_get/vec4 4;
    %ix/load 4, 3, 0;
    %flag_set/imm 4, 0;
    %store/vec4 v0x5ead062ff860_0, 4, 1;
    %jmp T_4.8;
T_4.6 ;
    %load/vec4 v0x5ead06300a40_0;
    %parti/s 5, 0, 2;
    %ix/load 4, 1, 0;
    %flag_set/imm 4, 0;
    %load/vec4a v0x5ead06301400, 4;
    %cmp/e;
    %flag_get/vec4 4;
    %ix/load 4, 3, 0;
    %flag_set/imm 4, 0;
    %store/vec4 v0x5ead062ff860_0, 4, 1;
    %jmp T_4.8;
T_4.8 ;
    %pop/vec4 1;
    %jmp T_4;
    .thread T_4, $push;
    .scope S_0x5ead062f9aa0;
T_5 ;
    %wait E_0x5ead062dd640;
    %load/vec4 v0x5ead063005e0_0;
    %dup/vec4;
    %pushi/vec4 0, 0, 7;
    %cmp/u;
    %jmp/1 T_5.0, 6;
    %dup/vec4;
    %pushi/vec4 1, 0, 7;
    %cmp/u;
    %jmp/1 T_5.1, 6;
    %dup/vec4;
    %pushi/vec4 3, 0, 7;
    %cmp/u;
    %jmp/1 T_5.2, 6;
    %dup/vec4;
    %pushi/vec4 5, 0, 7;
    %cmp/u;
    %jmp/1 T_5.3, 6;
    %dup/vec4;
    %pushi/vec4 7, 0, 7;
    %cmp/u;
    %jmp/1 T_5.4, 6;
    %dup/vec4;
    %pushi/vec4 8, 0, 7;
    %cmp/u;
    %jmp/1 T_5.5, 6;
    %dup/vec4;
    %pushi/vec4 2, 0, 7;
    %cmp/u;
    %jmp/1 T_5.6, 6;
    %pushi/vec4 0, 0, 1;
    %ix/load 4, 4, 0;
    %flag_set/imm 4, 0;
    %store/vec4 v0x5ead062ff860_0, 4, 1;
    %jmp T_5.8;
T_5.0 ;
    %load/vec4 v0x5ead06300a40_0;
    %parti/s 5, 5, 4;
    %ix/load 4, 1, 0;
    %flag_set/imm 4, 0;
    %load/vec4a v0x5ead06301400, 4;
    %cmp/e;
    %flag_get/vec4 4;
    %ix/load 4, 4, 0;
    %flag_set/imm 4, 0;
    %store/vec4 v0x5ead062ff860_0, 4, 1;
    %jmp T_5.8;
T_5.1 ;
    %load/vec4 v0x5ead06300a40_0;
    %parti/s 5, 5, 4;
    %ix/load 4, 1, 0;
    %flag_set/imm 4, 0;
    %load/vec4a v0x5ead06301400, 4;
    %cmp/e;
    %flag_get/vec4 4;
    %ix/load 4, 4, 0;
    %flag_set/imm 4, 0;
    %store/vec4 v0x5ead062ff860_0, 4, 1;
    %jmp T_5.8;
T_5.2 ;
    %load/vec4 v0x5ead06300a40_0;
    %parti/s 5, 5, 4;
    %ix/load 4, 1, 0;
    %flag_set/imm 4, 0;
    %load/vec4a v0x5ead06301400, 4;
    %cmp/e;
    %flag_get/vec4 4;
    %ix/load 4, 4, 0;
    %flag_set/imm 4, 0;
    %store/vec4 v0x5ead062ff860_0, 4, 1;
    %jmp T_5.8;
T_5.3 ;
    %load/vec4 v0x5ead06300a40_0;
    %parti/s 5, 5, 4;
    %ix/load 4, 1, 0;
    %flag_set/imm 4, 0;
    %load/vec4a v0x5ead06301400, 4;
    %cmp/e;
    %flag_get/vec4 4;
    %ix/load 4, 4, 0;
    %flag_set/imm 4, 0;
    %store/vec4 v0x5ead062ff860_0, 4, 1;
    %jmp T_5.8;
T_5.4 ;
    %load/vec4 v0x5ead06300a40_0;
    %parti/s 5, 5, 4;
    %ix/load 4, 1, 0;
    %flag_set/imm 4, 0;
    %load/vec4a v0x5ead06301400, 4;
    %cmp/e;
    %flag_get/vec4 4;
    %ix/load 4, 4, 0;
    %flag_set/imm 4, 0;
    %store/vec4 v0x5ead062ff860_0, 4, 1;
    %jmp T_5.8;
T_5.5 ;
    %load/vec4 v0x5ead06300a40_0;
    %parti/s 5, 5, 4;
    %ix/load 4, 1, 0;
    %flag_set/imm 4, 0;
    %load/vec4a v0x5ead06301400, 4;
    %cmp/e;
    %flag_get/vec4 4;
    %ix/load 4, 4, 0;
    %flag_set/imm 4, 0;
    %store/vec4 v0x5ead062ff860_0, 4, 1;
    %jmp T_5.8;
T_5.6 ;
    %load/vec4 v0x5ead06300a40_0;
    %parti/s 5, 5, 4;
    %ix/load 4, 1, 0;
    %flag_set/imm 4, 0;
    %load/vec4a v0x5ead06301400, 4;
    %cmp/e;
    %flag_get/vec4 4;
    %ix/load 4, 4, 0;
    %flag_set/imm 4, 0;
    %store/vec4 v0x5ead062ff860_0, 4, 1;
    %jmp T_5.8;
T_5.8 ;
    %pop/vec4 1;
    %jmp T_5;
    .thread T_5, $push;
    .scope S_0x5ead062f9d60;
T_6 ;
    %wait E_0x5ead062dd640;
    %load/vec4 v0x5ead063005e0_0;
    %dup/vec4;
    %pushi/vec4 0, 0, 7;
    %cmp/u;
    %jmp/1 T_6.0, 6;
    %dup/vec4;
    %pushi/vec4 1, 0, 7;
    %cmp/u;
    %jmp/1 T_6.1, 6;
    %dup/vec4;
    %pushi/vec4 3, 0, 7;
    %cmp/u;
    %jmp/1 T_6.2, 6;
    %dup/vec4;
    %pushi/vec4 5, 0, 7;
    %cmp/u;
    %jmp/1 T_6.3, 6;
    %dup/vec4;
    %pushi/vec4 7, 0, 7;
    %cmp/u;
    %jmp/1 T_6.4, 6;
    %dup/vec4;
    %pushi/vec4 8, 0, 7;
    %cmp/u;
    %jmp/1 T_6.5, 6;
    %dup/vec4;
    %pushi/vec4 2, 0, 7;
    %cmp/u;
    %jmp/1 T_6.6, 6;
    %pushi/vec4 0, 0, 1;
    %ix/load 4, 5, 0;
    %flag_set/imm 4, 0;
    %store/vec4 v0x5ead062ff860_0, 4, 1;
    %jmp T_6.8;
T_6.0 ;
    %load/vec4 v0x5ead06300a40_0;
    %parti/s 5, 10, 5;
    %ix/load 4, 1, 0;
    %flag_set/imm 4, 0;
    %load/vec4a v0x5ead06301400, 4;
    %cmp/e;
    %flag_get/vec4 4;
    %ix/load 4, 5, 0;
    %flag_set/imm 4, 0;
    %store/vec4 v0x5ead062ff860_0, 4, 1;
    %jmp T_6.8;
T_6.1 ;
    %load/vec4 v0x5ead06300a40_0;
    %parti/s 5, 10, 5;
    %ix/load 4, 1, 0;
    %flag_set/imm 4, 0;
    %load/vec4a v0x5ead06301400, 4;
    %cmp/e;
    %flag_get/vec4 4;
    %ix/load 4, 5, 0;
    %flag_set/imm 4, 0;
    %store/vec4 v0x5ead062ff860_0, 4, 1;
    %jmp T_6.8;
T_6.2 ;
    %load/vec4 v0x5ead06300a40_0;
    %parti/s 5, 10, 5;
    %ix/load 4, 1, 0;
    %flag_set/imm 4, 0;
    %load/vec4a v0x5ead06301400, 4;
    %cmp/e;
    %flag_get/vec4 4;
    %ix/load 4, 5, 0;
    %flag_set/imm 4, 0;
    %store/vec4 v0x5ead062ff860_0, 4, 1;
    %jmp T_6.8;
T_6.3 ;
    %load/vec4 v0x5ead06300a40_0;
    %parti/s 5, 10, 5;
    %ix/load 4, 1, 0;
    %flag_set/imm 4, 0;
    %load/vec4a v0x5ead06301400, 4;
    %cmp/e;
    %flag_get/vec4 4;
    %ix/load 4, 5, 0;
    %flag_set/imm 4, 0;
    %store/vec4 v0x5ead062ff860_0, 4, 1;
    %jmp T_6.8;
T_6.4 ;
    %load/vec4 v0x5ead06300a40_0;
    %parti/s 5, 10, 5;
    %ix/load 4, 1, 0;
    %flag_set/imm 4, 0;
    %load/vec4a v0x5ead06301400, 4;
    %cmp/e;
    %flag_get/vec4 4;
    %ix/load 4, 5, 0;
    %flag_set/imm 4, 0;
    %store/vec4 v0x5ead062ff860_0, 4, 1;
    %jmp T_6.8;
T_6.5 ;
    %load/vec4 v0x5ead06300a40_0;
    %parti/s 5, 10, 5;
    %ix/load 4, 1, 0;
    %flag_set/imm 4, 0;
    %load/vec4a v0x5ead06301400, 4;
    %cmp/e;
    %flag_get/vec4 4;
    %ix/load 4, 5, 0;
    %flag_set/imm 4, 0;
    %store/vec4 v0x5ead062ff860_0, 4, 1;
    %jmp T_6.8;
T_6.6 ;
    %load/vec4 v0x5ead06300a40_0;
    %parti/s 5, 10, 5;
    %ix/load 4, 1, 0;
    %flag_set/imm 4, 0;
    %load/vec4a v0x5ead06301400, 4;
    %cmp/e;
    %flag_get/vec4 4;
    %ix/load 4, 5, 0;
    %flag_set/imm 4, 0;
    %store/vec4 v0x5ead062ff860_0, 4, 1;
    %jmp T_6.8;
T_6.8 ;
    %pop/vec4 1;
    %jmp T_6;
    .thread T_6, $push;
    .scope S_0x5ead062fa000;
T_7 ;
    %wait E_0x5ead062fa2a0;
    %load/vec4 v0x5ead06300420_0;
    %parti/s 1, 0, 2;
    %load/vec4 v0x5ead062ff860_0;
    %parti/s 3, 0, 2;
    %concat/vec4; draw_concat_vec4
    %load/vec4 v0x5ead062fadb0_0;
    %concat/vec4; draw_concat_vec4
    %dup/vec4;
    %pushi/vec4 20, 8, 5;
    %cmp/z;
    %jmp/1 T_7.0, 4;
    %dup/vec4;
    %pushi/vec4 24, 1, 5;
    %cmp/z;
    %jmp/1 T_7.1, 4;
    %dup/vec4;
    %pushi/vec4 16, 1, 5;
    %cmp/z;
    %jmp/1 T_7.2, 4;
    %pushi/vec4 1, 0, 1;
    %ix/load 4, 0, 0;
    %flag_set/imm 4, 0;
    %store/vec4 v0x5ead062fb030_0, 4, 1;
    %jmp T_7.4;
T_7.0 ;
    %pushi/vec4 0, 0, 1;
    %ix/load 4, 0, 0;
    %flag_set/imm 4, 0;
    %store/vec4 v0x5ead062fb030_0, 4, 1;
    %jmp T_7.4;
T_7.1 ;
    %pushi/vec4 0, 0, 1;
    %ix/load 4, 0, 0;
    %flag_set/imm 4, 0;
    %store/vec4 v0x5ead062fb030_0, 4, 1;
    %jmp T_7.4;
T_7.2 ;
    %pushi/vec4 0, 0, 1;
    %ix/load 4, 0, 0;
    %flag_set/imm 4, 0;
    %store/vec4 v0x5ead062fb030_0, 4, 1;
    %jmp T_7.4;
T_7.4 ;
    %pop/vec4 1;
    %jmp T_7;
    .thread T_7, $push;
    .scope S_0x5ead062fa300;
T_8 ;
    %wait E_0x5ead062fa2a0;
    %load/vec4 v0x5ead06300420_0;
    %parti/s 1, 1, 2;
    %load/vec4 v0x5ead062ff860_0;
    %parti/s 3, 3, 3;
    %concat/vec4; draw_concat_vec4
    %load/vec4 v0x5ead062fadb0_0;
    %concat/vec4; draw_concat_vec4
    %dup/vec4;
    %pushi/vec4 20, 8, 5;
    %cmp/z;
    %jmp/1 T_8.0, 4;
    %dup/vec4;
    %pushi/vec4 24, 1, 5;
    %cmp/z;
    %jmp/1 T_8.1, 4;
    %dup/vec4;
    %pushi/vec4 16, 1, 5;
    %cmp/z;
    %jmp/1 T_8.2, 4;
    %pushi/vec4 1, 0, 1;
    %ix/load 4, 1, 0;
    %flag_set/imm 4, 0;
    %store/vec4 v0x5ead062fb030_0, 4, 1;
    %jmp T_8.4;
T_8.0 ;
    %pushi/vec4 0, 0, 1;
    %ix/load 4, 1, 0;
    %flag_set/imm 4, 0;
    %store/vec4 v0x5ead062fb030_0, 4, 1;
    %jmp T_8.4;
T_8.1 ;
    %pushi/vec4 0, 0, 1;
    %ix/load 4, 1, 0;
    %flag_set/imm 4, 0;
    %store/vec4 v0x5ead062fb030_0, 4, 1;
    %jmp T_8.4;
T_8.2 ;
    %pushi/vec4 0, 0, 1;
    %ix/load 4, 1, 0;
    %flag_set/imm 4, 0;
    %store/vec4 v0x5ead062fb030_0, 4, 1;
    %jmp T_8.4;
T_8.4 ;
    %pop/vec4 1;
    %jmp T_8;
    .thread T_8, $push;
    .scope S_0x5ead062ae050;
T_9 ;
    %wait E_0x5ead062dd550;
    %load/vec4 v0x5ead063005e0_0;
    %dup/vec4;
    %pushi/vec4 0, 0, 7;
    %cmp/u;
    %jmp/1 T_9.0, 6;
    %dup/vec4;
    %pushi/vec4 1, 0, 7;
    %cmp/u;
    %jmp/1 T_9.1, 6;
    %dup/vec4;
    %pushi/vec4 2, 0, 7;
    %cmp/u;
    %jmp/1 T_9.2, 6;
    %dup/vec4;
    %pushi/vec4 3, 0, 7;
    %cmp/u;
    %jmp/1 T_9.3, 6;
    %dup/vec4;
    %pushi/vec4 4, 0, 7;
    %cmp/u;
    %jmp/1 T_9.4, 6;
    %dup/vec4;
    %pushi/vec4 5, 0, 7;
    %cmp/u;
    %jmp/1 T_9.5, 6;
    %dup/vec4;
    %pushi/vec4 6, 0, 7;
    %cmp/u;
    %jmp/1 T_9.6, 6;
    %dup/vec4;
    %pushi/vec4 7, 0, 7;
    %cmp/u;
    %jmp/1 T_9.7, 6;
    %dup/vec4;
    %pushi/vec4 8, 0, 7;
    %cmp/u;
    %jmp/1 T_9.8, 6;
    %pushi/vec4 0, 0, 11;
    %assign/vec4 v0x5ead06300500_0, 0;
    %jmp T_9.10;
T_9.0 ;
    %pushi/vec4 1, 0, 11;
    %assign/vec4 v0x5ead06300500_0, 0;
    %jmp T_9.10;
T_9.1 ;
    %pushi/vec4 2, 0, 11;
    %assign/vec4 v0x5ead06300500_0, 0;
    %jmp T_9.10;
T_9.2 ;
    %pushi/vec4 4, 0, 11;
    %assign/vec4 v0x5ead06300500_0, 0;
    %jmp T_9.10;
T_9.3 ;
    %pushi/vec4 8, 0, 11;
    %assign/vec4 v0x5ead06300500_0, 0;
    %jmp T_9.10;
T_9.4 ;
    %pushi/vec4 16, 0, 11;
    %assign/vec4 v0x5ead06300500_0, 0;
    %jmp T_9.10;
T_9.5 ;
    %pushi/vec4 32, 0, 11;
    %assign/vec4 v0x5ead06300500_0, 0;
    %jmp T_9.10;
T_9.6 ;
    %pushi/vec4 64, 0, 11;
    %assign/vec4 v0x5ead06300500_0, 0;
    %jmp T_9.10;
T_9.7 ;
    %pushi/vec4 128, 0, 11;
    %assign/vec4 v0x5ead06300500_0, 0;
    %jmp T_9.10;
T_9.8 ;
    %pushi/vec4 256, 0, 11;
    %assign/vec4 v0x5ead06300500_0, 0;
    %jmp T_9.10;
T_9.10 ;
    %pop/vec4 1;
    %jmp T_9;
    .thread T_9, $push;
    .scope S_0x5ead062ae050;
T_10 ;
    %wait E_0x5ead06232d10;
    %load/vec4 v0x5ead06301520_0;
    %cmpi/e 0, 0, 1;
    %jmp/0xz  T_10.0, 4;
    %pushi/vec4 0, 0, 5;
    %assign/vec4 v0x5ead063006c0_0, 0;
    %jmp T_10.1;
T_10.0 ;
    %load/vec4 v0x5ead06300da0_0;
    %load/vec4 v0x5ead062fa940_0;
    %replicate 5;
    %and;
    %assign/vec4 v0x5ead063006c0_0, 0;
T_10.1 ;
    %jmp T_10;
    .thread T_10;
    .scope S_0x5ead062ae050;
T_11 ;
    %wait E_0x5ead06232d10;
    %load/vec4 v0x5ead06301520_0;
    %cmpi/e 0, 0, 1;
    %jmp/0xz  T_11.0, 4;
    %pushi/vec4 0, 0, 32;
    %assign/vec4 v0x5ead062fa6c0_0, 0;
    %jmp T_11.1;
T_11.0 ;
    %load/vec4 v0x5ead062fa940_0;
    %flag_set/vec4 8;
    %jmp/0xz  T_11.2, 8;
    %load/vec4 v0x5ead063005e0_0;
    %load/vec4 v0x5ead06300420_0;
    %parti/s 1, 0, 2;
    %concat/vec4; draw_concat_vec4
    %load/vec4 v0x5ead062ff860_0;
    %parti/s 2, 0, 2;
    %concat/vec4; draw_concat_vec4
    %dup/vec4;
    %pushi/vec4 5, 2, 10;
    %cmp/z;
    %jmp/1 T_11.4, 4;
    %dup/vec4;
    %pushi/vec4 13, 2, 10;
    %cmp/z;
    %jmp/1 T_11.5, 4;
    %dup/vec4;
    %pushi/vec4 29, 2, 10;
    %cmp/z;
    %jmp/1 T_11.6, 4;
    %dup/vec4;
    %pushi/vec4 37, 2, 10;
    %cmp/z;
    %jmp/1 T_11.7, 4;
    %dup/vec4;
    %pushi/vec4 45, 2, 10;
    %cmp/z;
    %jmp/1 T_11.8, 4;
    %dup/vec4;
    %pushi/vec4 53, 2, 10;
    %cmp/z;
    %jmp/1 T_11.9, 4;
    %dup/vec4;
    %pushi/vec4 6, 0, 10;
    %cmp/z;
    %jmp/1 T_11.10, 4;
    %dup/vec4;
    %pushi/vec4 14, 0, 10;
    %cmp/z;
    %jmp/1 T_11.11, 4;
    %dup/vec4;
    %pushi/vec4 30, 0, 10;
    %cmp/z;
    %jmp/1 T_11.12, 4;
    %dup/vec4;
    %pushi/vec4 38, 0, 10;
    %cmp/z;
    %jmp/1 T_11.13, 4;
    %dup/vec4;
    %pushi/vec4 46, 0, 10;
    %cmp/z;
    %jmp/1 T_11.14, 4;
    %dup/vec4;
    %pushi/vec4 54, 0, 10;
    %cmp/z;
    %jmp/1 T_11.15, 4;
    %dup/vec4;
    %pushi/vec4 4, 0, 10;
    %cmp/z;
    %jmp/1 T_11.16, 4;
    %dup/vec4;
    %pushi/vec4 12, 0, 10;
    %cmp/z;
    %jmp/1 T_11.17, 4;
    %dup/vec4;
    %pushi/vec4 28, 0, 10;
    %cmp/z;
    %jmp/1 T_11.18, 4;
    %dup/vec4;
    %pushi/vec4 36, 0, 10;
    %cmp/z;
    %jmp/1 T_11.19, 4;
    %dup/vec4;
    %pushi/vec4 44, 0, 10;
    %cmp/z;
    %jmp/1 T_11.20, 4;
    %dup/vec4;
    %pushi/vec4 52, 0, 10;
    %cmp/z;
    %jmp/1 T_11.21, 4;
    %dup/vec4;
    %pushi/vec4 0, 3, 10;
    %cmp/z;
    %jmp/1 T_11.22, 4;
    %dup/vec4;
    %pushi/vec4 8, 3, 10;
    %cmp/z;
    %jmp/1 T_11.23, 4;
    %dup/vec4;
    %pushi/vec4 24, 3, 10;
    %cmp/z;
    %jmp/1 T_11.24, 4;
    %dup/vec4;
    %pushi/vec4 32, 3, 10;
    %cmp/z;
    %jmp/1 T_11.25, 4;
    %dup/vec4;
    %pushi/vec4 40, 3, 10;
    %cmp/z;
    %jmp/1 T_11.26, 4;
    %dup/vec4;
    %pushi/vec4 48, 3, 10;
    %cmp/z;
    %jmp/1 T_11.27, 4;
    %dup/vec4;
    %pushi/vec4 56, 7, 10;
    %cmp/z;
    %jmp/1 T_11.28, 4;
    %dup/vec4;
    %pushi/vec4 64, 7, 10;
    %cmp/z;
    %jmp/1 T_11.29, 4;
    %jmp T_11.30;
T_11.4 ;
    %load/vec4 v0x5ead062fa860_0;
    %assign/vec4 v0x5ead062fa6c0_0, 0;
    %jmp T_11.30;
T_11.5 ;
    %load/vec4 v0x5ead062fa860_0;
    %assign/vec4 v0x5ead062fa6c0_0, 0;
    %jmp T_11.30;
T_11.6 ;
    %load/vec4 v0x5ead062fa860_0;
    %assign/vec4 v0x5ead062fa6c0_0, 0;
    %jmp T_11.30;
T_11.7 ;
    %load/vec4 v0x5ead062fa860_0;
    %assign/vec4 v0x5ead062fa6c0_0, 0;
    %jmp T_11.30;
T_11.8 ;
    %load/vec4 v0x5ead062fa860_0;
    %assign/vec4 v0x5ead062fa6c0_0, 0;
    %jmp T_11.30;
T_11.9 ;
    %load/vec4 v0x5ead062fa860_0;
    %assign/vec4 v0x5ead062fa6c0_0, 0;
    %jmp T_11.30;
T_11.10 ;
    %load/vec4 v0x5ead062fabf0_0;
    %assign/vec4 v0x5ead062fa6c0_0, 0;
    %jmp T_11.30;
T_11.11 ;
    %load/vec4 v0x5ead062fabf0_0;
    %assign/vec4 v0x5ead062fa6c0_0, 0;
    %jmp T_11.30;
T_11.12 ;
    %load/vec4 v0x5ead062fabf0_0;
    %assign/vec4 v0x5ead062fa6c0_0, 0;
    %jmp T_11.30;
T_11.13 ;
    %load/vec4 v0x5ead062fabf0_0;
    %assign/vec4 v0x5ead062fa6c0_0, 0;
    %jmp T_11.30;
T_11.14 ;
    %load/vec4 v0x5ead062fabf0_0;
    %assign/vec4 v0x5ead062fa6c0_0, 0;
    %jmp T_11.30;
T_11.15 ;
    %load/vec4 v0x5ead062fabf0_0;
    %assign/vec4 v0x5ead062fa6c0_0, 0;
    %jmp T_11.30;
T_11.16 ;
    %load/vec4 v0x5ead06300fa0_0;
    %assign/vec4 v0x5ead062fa6c0_0, 0;
    %jmp T_11.30;
T_11.17 ;
    %load/vec4 v0x5ead06300fa0_0;
    %assign/vec4 v0x5ead062fa6c0_0, 0;
    %jmp T_11.30;
T_11.18 ;
    %load/vec4 v0x5ead06300fa0_0;
    %assign/vec4 v0x5ead062fa6c0_0, 0;
    %jmp T_11.30;
T_11.19 ;
    %load/vec4 v0x5ead06300fa0_0;
    %assign/vec4 v0x5ead062fa6c0_0, 0;
    %jmp T_11.30;
T_11.20 ;
    %load/vec4 v0x5ead06300fa0_0;
    %assign/vec4 v0x5ead062fa6c0_0, 0;
    %jmp T_11.30;
T_11.21 ;
    %load/vec4 v0x5ead06300fa0_0;
    %assign/vec4 v0x5ead062fa6c0_0, 0;
    %jmp T_11.30;
T_11.22 ;
    %pushi/vec4 0, 0, 32;
    %assign/vec4 v0x5ead062fa6c0_0, 0;
    %jmp T_11.30;
T_11.23 ;
    %pushi/vec4 0, 0, 32;
    %assign/vec4 v0x5ead062fa6c0_0, 0;
    %jmp T_11.30;
T_11.24 ;
    %pushi/vec4 0, 0, 32;
    %assign/vec4 v0x5ead062fa6c0_0, 0;
    %jmp T_11.30;
T_11.25 ;
    %pushi/vec4 0, 0, 32;
    %assign/vec4 v0x5ead062fa6c0_0, 0;
    %jmp T_11.30;
T_11.26 ;
    %pushi/vec4 0, 0, 32;
    %assign/vec4 v0x5ead062fa6c0_0, 0;
    %jmp T_11.30;
T_11.27 ;
    %pushi/vec4 0, 0, 32;
    %assign/vec4 v0x5ead062fa6c0_0, 0;
    %jmp T_11.30;
T_11.28 ;
    %pushi/vec4 0, 0, 32;
    %assign/vec4 v0x5ead062fa6c0_0, 0;
    %jmp T_11.30;
T_11.29 ;
    %load/vec4 v0x5ead062fae70_0;
    %assign/vec4 v0x5ead062fa6c0_0, 0;
    %jmp T_11.30;
T_11.30 ;
    %pop/vec4 1;
T_11.2 ;
T_11.1 ;
    %jmp T_11;
    .thread T_11;
    .scope S_0x5ead062ae050;
T_12 ;
    %wait E_0x5ead062dd4c0;
    %load/vec4 v0x5ead063005e0_0;
    %load/vec4 v0x5ead06300420_0;
    %parti/s 1, 1, 2;
    %concat/vec4; draw_concat_vec4
    %load/vec4 v0x5ead062ff860_0;
    %parti/s 2, 2, 3;
    %concat/vec4; draw_concat_vec4
    %dup/vec4;
    %pushi/vec4 5, 2, 10;
    %cmp/z;
    %jmp/1 T_12.0, 4;
    %dup/vec4;
    %pushi/vec4 37, 2, 10;
    %cmp/z;
    %jmp/1 T_12.1, 4;
    %dup/vec4;
    %pushi/vec4 53, 2, 10;
    %cmp/z;
    %jmp/1 T_12.2, 4;
    %dup/vec4;
    %pushi/vec4 6, 0, 10;
    %cmp/z;
    %jmp/1 T_12.3, 4;
    %dup/vec4;
    %pushi/vec4 38, 0, 10;
    %cmp/z;
    %jmp/1 T_12.4, 4;
    %dup/vec4;
    %pushi/vec4 54, 0, 10;
    %cmp/z;
    %jmp/1 T_12.5, 4;
    %dup/vec4;
    %pushi/vec4 4, 0, 10;
    %cmp/z;
    %jmp/1 T_12.6, 4;
    %dup/vec4;
    %pushi/vec4 36, 0, 10;
    %cmp/z;
    %jmp/1 T_12.7, 4;
    %dup/vec4;
    %pushi/vec4 52, 0, 10;
    %cmp/z;
    %jmp/1 T_12.8, 4;
    %pushi/vec4 0, 0, 32;
    %assign/vec4 v0x5ead06301320_0, 0;
    %jmp T_12.10;
T_12.0 ;
    %load/vec4 v0x5ead062fa860_0;
    %assign/vec4 v0x5ead06301320_0, 0;
    %jmp T_12.10;
T_12.1 ;
    %load/vec4 v0x5ead062fa860_0;
    %assign/vec4 v0x5ead06301320_0, 0;
    %jmp T_12.10;
T_12.2 ;
    %load/vec4 v0x5ead062fa860_0;
    %assign/vec4 v0x5ead06301320_0, 0;
    %jmp T_12.10;
T_12.3 ;
    %load/vec4 v0x5ead062fabf0_0;
    %assign/vec4 v0x5ead06301320_0, 0;
    %jmp T_12.10;
T_12.4 ;
    %load/vec4 v0x5ead062fabf0_0;
    %assign/vec4 v0x5ead06301320_0, 0;
    %jmp T_12.10;
T_12.5 ;
    %load/vec4 v0x5ead062fabf0_0;
    %assign/vec4 v0x5ead06301320_0, 0;
    %jmp T_12.10;
T_12.6 ;
    %load/vec4 v0x5ead06301080_0;
    %assign/vec4 v0x5ead06301320_0, 0;
    %jmp T_12.10;
T_12.7 ;
    %load/vec4 v0x5ead06301080_0;
    %assign/vec4 v0x5ead06301320_0, 0;
    %jmp T_12.10;
T_12.8 ;
    %load/vec4 v0x5ead06301080_0;
    %assign/vec4 v0x5ead06301320_0, 0;
    %jmp T_12.10;
T_12.10 ;
    %pop/vec4 1;
    %jmp T_12;
    .thread T_12, $push;
    .scope S_0x5ead062ae050;
T_13 ;
    %wait E_0x5ead06232d10;
    %load/vec4 v0x5ead06301520_0;
    %cmpi/e 0, 0, 1;
    %jmp/0xz  T_13.0, 4;
    %pushi/vec4 0, 0, 32;
    %assign/vec4 v0x5ead062fa7a0_0, 0;
    %jmp T_13.1;
T_13.0 ;
    %load/vec4 v0x5ead062fa940_0;
    %flag_set/vec4 8;
    %jmp/0xz  T_13.2, 8;
    %load/vec4 v0x5ead06300500_0;
    %parti/s 1, 1, 2;
    %load/vec4 v0x5ead06300500_0;
    %parti/s 1, 7, 4;
    %concat/vec4; draw_concat_vec4
    %load/vec4 v0x5ead06300500_0;
    %parti/s 1, 8, 5;
    %concat/vec4; draw_concat_vec4
    %load/vec4 v0x5ead06300500_0;
    %parti/s 1, 2, 3;
    %concat/vec4; draw_concat_vec4
    %load/vec4 v0x5ead06300500_0;
    %parti/s 1, 3, 3;
    %concat/vec4; draw_concat_vec4
    %load/vec4 v0x5ead06300500_0;
    %parti/s 1, 5, 4;
    %concat/vec4; draw_concat_vec4
    %load/vec4 v0x5ead06300500_0;
    %parti/s 1, 6, 4;
    %concat/vec4; draw_concat_vec4
    %or/r;
    %flag_set/vec4 8;
    %jmp/0 T_13.4, 8;
    %load/vec4 v0x5ead063000c0_0;
    %jmp/1 T_13.5, 8;
T_13.4 ; End of true expr.
    %load/vec4 v0x5ead06301320_0;
    %jmp/0 T_13.5, 8;
 ; End of false expr.
    %blend;
T_13.5;
    %assign/vec4 v0x5ead062fa7a0_0, 0;
T_13.2 ;
T_13.1 ;
    %jmp T_13;
    .thread T_13;
    .scope S_0x5ead062ae050;
T_14 ;
    %wait E_0x5ead06232d10;
    %load/vec4 v0x5ead06301520_0;
    %cmpi/e 0, 0, 1;
    %jmp/0xz  T_14.0, 4;
    %pushi/vec4 0, 0, 32;
    %assign/vec4 v0x5ead062fb110_0, 0;
    %jmp T_14.1;
T_14.0 ;
    %load/vec4 v0x5ead062fa940_0;
    %load/vec4 v0x5ead06300280_0;
    %parti/s 1, 2, 3;
    %and;
    %flag_set/vec4 8;
    %jmp/0xz  T_14.2, 8;
    %load/vec4 v0x5ead06301320_0;
    %assign/vec4 v0x5ead062fb110_0, 0;
T_14.2 ;
T_14.1 ;
    %jmp T_14;
    .thread T_14;
    .scope S_0x5ead062ae050;
T_15 ;
    %wait E_0x5ead06232d10;
    %load/vec4 v0x5ead06301520_0;
    %pad/u 32;
    %cmpi/e 0, 0, 32;
    %jmp/0xz  T_15.0, 4;
    %pushi/vec4 0, 0, 32;
    %assign/vec4 v0x5ead062faf50_0, 0;
    %pushi/vec4 0, 0, 2;
    %assign/vec4 v0x5ead062facd0_0, 0;
    %pushi/vec4 0, 0, 2;
    %assign/vec4 v0x5ead06300c00_0, 0;
    %jmp T_15.1;
T_15.0 ;
    %load/vec4 v0x5ead062fa940_0;
    %flag_set/vec4 8;
    %jmp/0xz  T_15.2, 8;
    %load/vec4 v0x5ead062fae70_0;
    %assign/vec4 v0x5ead062faf50_0, 0;
    %load/vec4 v0x5ead06300500_0;
    %parti/s 1, 5, 4;
    %pad/u 2;
    %assign/vec4 v0x5ead062facd0_0, 0;
    %load/vec4 v0x5ead06300b20_0;
    %assign/vec4 v0x5ead06300c00_0, 0;
T_15.2 ;
T_15.1 ;
    %jmp T_15;
    .thread T_15;
    .scope S_0x5ead062ae050;
T_16 ;
    %wait E_0x5ead06232d10;
    %load/vec4 v0x5ead06301520_0;
    %cmpi/e 0, 0, 1;
    %jmp/0xz  T_16.0, 4;
    %pushi/vec4 0, 0, 8;
    %assign/vec4 v0x5ead062fa5e0_0, 0;
    %jmp T_16.1;
T_16.0 ;
    %load/vec4 v0x5ead062fa940_0;
    %flag_set/vec4 8;
    %jmp/0xz  T_16.2, 8;
    %load/vec4 v0x5ead063005e0_0;
    %load/vec4 v0x5ead062ffa20_0;
    %concat/vec4; draw_concat_vec4
    %load/vec4 v0x5ead062ff940_0;
    %concat/vec4; draw_concat_vec4
    %dup/vec4;
    %pushi/vec4 0, 32512, 17;
    %cmp/z;
    %jmp/1 T_16.4, 4;
    %dup/vec4;
    %pushi/vec4 1, 32512, 17;
    %cmp/z;
    %jmp/1 T_16.5, 4;
    %dup/vec4;
    %pushi/vec4 2, 32512, 17;
    %cmp/z;
    %jmp/1 T_16.6, 4;
    %dup/vec4;
    %pushi/vec4 3, 32512, 17;
    %cmp/z;
    %jmp/1 T_16.7, 4;
    %dup/vec4;
    %pushi/vec4 4, 32512, 17;
    %cmp/z;
    %jmp/1 T_16.8, 4;
    %dup/vec4;
    %pushi/vec4 32, 32512, 17;
    %cmp/z;
    %jmp/1 T_16.9, 4;
    %dup/vec4;
    %pushi/vec4 64, 32512, 17;
    %cmp/z;
    %jmp/1 T_16.10, 4;
    %dup/vec4;
    %pushi/vec4 128, 32512, 17;
    %cmp/z;
    %jmp/1 T_16.11, 4;
    %dup/vec4;
    %pushi/vec4 1024, 0, 17;
    %cmp/z;
    %jmp/1 T_16.12, 4;
    %dup/vec4;
    %pushi/vec4 1025, 0, 17;
    %cmp/z;
    %jmp/1 T_16.13, 4;
    %dup/vec4;
    %pushi/vec4 1026, 0, 17;
    %cmp/z;
    %jmp/1 T_16.14, 4;
    %dup/vec4;
    %pushi/vec4 1280, 0, 17;
    %cmp/z;
    %jmp/1 T_16.15, 4;
    %dup/vec4;
    %pushi/vec4 1027, 0, 17;
    %cmp/z;
    %jmp/1 T_16.16, 4;
    %dup/vec4;
    %pushi/vec4 1028, 0, 17;
    %cmp/z;
    %jmp/1 T_16.17, 4;
    %dup/vec4;
    %pushi/vec4 1029, 0, 17;
    %cmp/z;
    %jmp/1 T_16.18, 4;
    %dup/vec4;
    %pushi/vec4 1030, 0, 17;
    %cmp/z;
    %jmp/1 T_16.19, 4;
    %dup/vec4;
    %pushi/vec4 1031, 0, 17;
    %cmp/z;
    %jmp/1 T_16.20, 4;
    %dup/vec4;
    %pushi/vec4 1281, 0, 17;
    %cmp/z;
    %jmp/1 T_16.21, 4;
    %dup/vec4;
    %pushi/vec4 3584, 511, 17;
    %cmp/z;
    %jmp/1 T_16.22, 4;
    %dup/vec4;
    %pushi/vec4 4096, 511, 17;
    %cmp/z;
    %jmp/1 T_16.23, 4;
    %dup/vec4;
    %pushi/vec4 4096, 1016, 17;
    %cmp/z;
    %jmp/1 T_16.24, 4;
    %dup/vec4;
    %pushi/vec4 4097, 1016, 17;
    %cmp/z;
    %jmp/1 T_16.25, 4;
    %dup/vec4;
    %pushi/vec4 4099, 1016, 17;
    %cmp/z;
    %jmp/1 T_16.26, 4;
    %dup/vec4;
    %pushi/vec4 4098, 1016, 17;
    %cmp/z;
    %jmp/1 T_16.27, 4;
    %pushi/vec4 1, 0, 8;
    %assign/vec4 v0x5ead062fa5e0_0, 0;
    %jmp T_16.29;
T_16.4 ;
    %pushi/vec4 1, 0, 8;
    %assign/vec4 v0x5ead062fa5e0_0, 0;
    %jmp T_16.29;
T_16.5 ;
    %pushi/vec4 3, 0, 8;
    %assign/vec4 v0x5ead062fa5e0_0, 0;
    %jmp T_16.29;
T_16.6 ;
    %pushi/vec4 4, 0, 8;
    %assign/vec4 v0x5ead062fa5e0_0, 0;
    %jmp T_16.29;
T_16.7 ;
    %pushi/vec4 8, 0, 8;
    %assign/vec4 v0x5ead062fa5e0_0, 0;
    %jmp T_16.29;
T_16.8 ;
    %pushi/vec4 16, 0, 8;
    %assign/vec4 v0x5ead062fa5e0_0, 0;
    %jmp T_16.29;
T_16.9 ;
    %pushi/vec4 32, 0, 8;
    %assign/vec4 v0x5ead062fa5e0_0, 0;
    %jmp T_16.29;
T_16.10 ;
    %pushi/vec4 64, 0, 8;
    %assign/vec4 v0x5ead062fa5e0_0, 0;
    %jmp T_16.29;
T_16.11 ;
    %pushi/vec4 128, 0, 8;
    %assign/vec4 v0x5ead062fa5e0_0, 0;
    %jmp T_16.29;
T_16.12 ;
    %pushi/vec4 1, 0, 8;
    %assign/vec4 v0x5ead062fa5e0_0, 0;
    %jmp T_16.29;
T_16.13 ;
    %pushi/vec4 3, 0, 8;
    %assign/vec4 v0x5ead062fa5e0_0, 0;
    %jmp T_16.29;
T_16.14 ;
    %pushi/vec4 3, 0, 8;
    %assign/vec4 v0x5ead062fa5e0_0, 0;
    %jmp T_16.29;
T_16.15 ;
    %pushi/vec4 3, 0, 8;
    %assign/vec4 v0x5ead062fa5e0_0, 0;
    %jmp T_16.29;
T_16.16 ;
    %pushi/vec4 4, 0, 8;
    %assign/vec4 v0x5ead062fa5e0_0, 0;
    %jmp T_16.29;
T_16.17 ;
    %pushi/vec4 8, 0, 8;
    %assign/vec4 v0x5ead062fa5e0_0, 0;
    %jmp T_16.29;
T_16.18 ;
    %pushi/vec4 16, 0, 8;
    %assign/vec4 v0x5ead062fa5e0_0, 0;
    %jmp T_16.29;
T_16.19 ;
    %pushi/vec4 32, 0, 8;
    %assign/vec4 v0x5ead062fa5e0_0, 0;
    %jmp T_16.29;
T_16.20 ;
    %pushi/vec4 64, 0, 8;
    %assign/vec4 v0x5ead062fa5e0_0, 0;
    %jmp T_16.29;
T_16.21 ;
    %pushi/vec4 128, 0, 8;
    %assign/vec4 v0x5ead062fa5e0_0, 0;
    %jmp T_16.29;
T_16.22 ;
    %pushi/vec4 1, 0, 8;
    %assign/vec4 v0x5ead062fa5e0_0, 0;
    %jmp T_16.29;
T_16.23 ;
    %pushi/vec4 1, 0, 8;
    %assign/vec4 v0x5ead062fa5e0_0, 0;
    %jmp T_16.29;
T_16.24 ;
    %pushi/vec4 16, 0, 8;
    %assign/vec4 v0x5ead062fa5e0_0, 0;
    %jmp T_16.29;
T_16.25 ;
    %pushi/vec4 16, 0, 8;
    %assign/vec4 v0x5ead062fa5e0_0, 0;
    %jmp T_16.29;
T_16.26 ;
    %pushi/vec4 3, 0, 8;
    %assign/vec4 v0x5ead062fa5e0_0, 0;
    %jmp T_16.29;
T_16.27 ;
    %pushi/vec4 3, 0, 8;
    %assign/vec4 v0x5ead062fa5e0_0, 0;
    %jmp T_16.29;
T_16.29 ;
    %pop/vec4 1;
T_16.2 ;
T_16.1 ;
    %jmp T_16;
    .thread T_16;
    .scope S_0x5ead062ae050;
T_17 ;
    %wait E_0x5ead06232d10;
    %load/vec4 v0x5ead06301520_0;
    %pad/u 32;
    %cmpi/e 0, 0, 32;
    %jmp/0xz  T_17.0, 4;
    %pushi/vec4 0, 0, 1;
    %assign/vec4 v0x5ead063015e0_0, 0;
    %jmp T_17.1;
T_17.0 ;
    %load/vec4 v0x5ead062fa940_0;
    %flag_set/vec4 8;
    %jmp/0xz  T_17.2, 8;
    %load/vec4 v0x5ead063005e0_0;
    %load/vec4 v0x5ead062ffa20_0;
    %concat/vec4; draw_concat_vec4
    %load/vec4 v0x5ead062ff940_0;
    %concat/vec4; draw_concat_vec4
    %dup/vec4;
    %pushi/vec4 1024, 1023, 17;
    %cmp/z;
    %jmp/1 T_17.4, 4;
    %dup/vec4;
    %pushi/vec4 1, 0, 17;
    %cmp/z;
    %jmp/1 T_17.5, 4;
    %dup/vec4;
    %pushi/vec4 257, 0, 17;
    %cmp/z;
    %jmp/1 T_17.6, 4;
    %dup/vec4;
    %pushi/vec4 4098, 1016, 17;
    %cmp/z;
    %jmp/1 T_17.7, 4;
    %dup/vec4;
    %pushi/vec4 4099, 1016, 17;
    %cmp/z;
    %jmp/1 T_17.8, 4;
    %pushi/vec4 0, 0, 1;
    %assign/vec4 v0x5ead063015e0_0, 0;
    %jmp T_17.10;
T_17.4 ;
    %pushi/vec4 1, 0, 1;
    %assign/vec4 v0x5ead063015e0_0, 0;
    %jmp T_17.10;
T_17.5 ;
    %pushi/vec4 1, 0, 1;
    %assign/vec4 v0x5ead063015e0_0, 0;
    %jmp T_17.10;
T_17.6 ;
    %pushi/vec4 1, 0, 1;
    %assign/vec4 v0x5ead063015e0_0, 0;
    %jmp T_17.10;
T_17.7 ;
    %pushi/vec4 1, 0, 1;
    %assign/vec4 v0x5ead063015e0_0, 0;
    %jmp T_17.10;
T_17.8 ;
    %pushi/vec4 1, 0, 1;
    %assign/vec4 v0x5ead063015e0_0, 0;
    %jmp T_17.10;
T_17.10 ;
    %pop/vec4 1;
T_17.2 ;
T_17.1 ;
    %jmp T_17;
    .thread T_17;
    .scope S_0x5ead062ae050;
T_18 ;
    %wait E_0x5ead06232d10;
    %load/vec4 v0x5ead06301520_0;
    %cmpi/e 0, 0, 1;
    %jmp/0xz  T_18.0, 4;
    %pushi/vec4 0, 0, 1;
    %assign/vec4 v0x5ead06300360_0, 0;
    %jmp T_18.1;
T_18.0 ;
    %load/vec4 v0x5ead062fa940_0;
    %flag_set/vec4 8;
    %jmp/0xz  T_18.2, 8;
    %load/vec4 v0x5ead06300500_0;
    %parti/s 1, 4, 4;
    %assign/vec4 v0x5ead06300360_0, 0;
T_18.2 ;
T_18.1 ;
    %jmp T_18;
    .thread T_18;
    .scope S_0x5ead062ae050;
T_19 ;
    %wait E_0x5ead06232d10;
    %load/vec4 v0x5ead06301520_0;
    %cmpi/e 0, 0, 1;
    %jmp/0xz  T_19.0, 4;
    %pushi/vec4 0, 0, 1;
    %assign/vec4 v0x5ead062ff620_0, 0;
    %jmp T_19.1;
T_19.0 ;
    %load/vec4 v0x5ead062fa940_0;
    %flag_set/vec4 8;
    %jmp/0xz  T_19.2, 8;
    %load/vec4 v0x5ead062ff940_0;
    %dup/vec4;
    %pushi/vec4 0, 0, 3;
    %cmp/u;
    %jmp/1 T_19.4, 6;
    %dup/vec4;
    %pushi/vec4 1, 0, 3;
    %cmp/u;
    %jmp/1 T_19.5, 6;
    %dup/vec4;
    %pushi/vec4 2, 0, 3;
    %cmp/u;
    %jmp/1 T_19.6, 6;
    %pushi/vec4 0, 0, 1;
    %assign/vec4 v0x5ead062ff620_0, 0;
    %jmp T_19.8;
T_19.4 ;
    %pushi/vec4 1, 0, 1;
    %assign/vec4 v0x5ead062ff620_0, 0;
    %jmp T_19.8;
T_19.5 ;
    %pushi/vec4 0, 0, 1;
    %assign/vec4 v0x5ead062ff620_0, 0;
    %jmp T_19.8;
T_19.6 ;
    %pushi/vec4 0, 0, 1;
    %assign/vec4 v0x5ead062ff620_0, 0;
    %jmp T_19.8;
T_19.8 ;
    %pop/vec4 1;
T_19.2 ;
T_19.1 ;
    %jmp T_19;
    .thread T_19;
    .scope S_0x5ead06301d20;
T_20 ;
    %wait E_0x5ead06301fd0;
    %load/vec4 v0x5ead063040a0_0;
    %cmpi/e 0, 0, 1;
    %jmp/0xz  T_20.0, 4;
    %pushi/vec4 1, 0, 1;
    %ix/load 4, 0, 0;
    %ix/load 5, 0, 0;
    %flag_set/imm 4, 0;
    %assign/vec4/off/d v0x5ead06303030_0, 4, 5;
    %jmp T_20.1;
T_20.0 ;
    %load/vec4 v0x5ead06302dd0_0;
    %parti/s 1, 1, 2;
    %cmpi/e 0, 0, 1;
    %jmp/0xz  T_20.2, 4;
    %pushi/vec4 0, 0, 1;
    %ix/load 4, 0, 0;
    %ix/load 5, 0, 0;
    %flag_set/imm 4, 0;
    %assign/vec4/off/d v0x5ead06303030_0, 4, 5;
    %jmp T_20.3;
T_20.2 ;
    %load/vec4 v0x5ead06303030_0;
    %parti/s 1, 1, 2;
    %ix/load 4, 0, 0;
    %ix/load 5, 0, 0;
    %flag_set/imm 4, 0;
    %assign/vec4/off/d v0x5ead06303030_0, 4, 5;
T_20.3 ;
T_20.1 ;
    %jmp T_20;
    .thread T_20;
    .scope S_0x5ead06302130;
T_21 ;
    %wait E_0x5ead06302410;
    %load/vec4 v0x5ead063040a0_0;
    %cmpi/e 0, 0, 1;
    %jmp/0xz  T_21.0, 4;
    %pushi/vec4 1, 0, 1;
    %ix/load 4, 1, 0;
    %ix/load 5, 0, 0;
    %flag_set/imm 4, 0;
    %assign/vec4/off/d v0x5ead06303030_0, 4, 5;
    %jmp T_21.1;
T_21.0 ;
    %load/vec4 v0x5ead06302dd0_0;
    %parti/s 1, 2, 3;
    %cmpi/e 0, 0, 1;
    %jmp/0xz  T_21.2, 4;
    %pushi/vec4 0, 0, 1;
    %ix/load 4, 1, 0;
    %ix/load 5, 0, 0;
    %flag_set/imm 4, 0;
    %assign/vec4/off/d v0x5ead06303030_0, 4, 5;
    %jmp T_21.3;
T_21.2 ;
    %load/vec4 v0x5ead06303030_0;
    %parti/s 1, 2, 3;
    %ix/load 4, 1, 0;
    %ix/load 5, 0, 0;
    %flag_set/imm 4, 0;
    %assign/vec4/off/d v0x5ead06303030_0, 4, 5;
T_21.3 ;
T_21.1 ;
    %jmp T_21;
    .thread T_21;
    .scope S_0x5ead06302570;
T_22 ;
    %wait E_0x5ead06302830;
    %load/vec4 v0x5ead063040a0_0;
    %cmpi/e 0, 0, 1;
    %jmp/0xz  T_22.0, 4;
    %pushi/vec4 1, 0, 1;
    %ix/load 4, 2, 0;
    %ix/load 5, 0, 0;
    %flag_set/imm 4, 0;
    %assign/vec4/off/d v0x5ead06303030_0, 4, 5;
    %jmp T_22.1;
T_22.0 ;
    %load/vec4 v0x5ead06302dd0_0;
    %parti/s 1, 3, 3;
    %cmpi/e 0, 0, 1;
    %jmp/0xz  T_22.2, 4;
    %pushi/vec4 0, 0, 1;
    %ix/load 4, 2, 0;
    %ix/load 5, 0, 0;
    %flag_set/imm 4, 0;
    %assign/vec4/off/d v0x5ead06303030_0, 4, 5;
    %jmp T_22.3;
T_22.2 ;
    %load/vec4 v0x5ead06303030_0;
    %parti/s 1, 3, 3;
    %ix/load 4, 2, 0;
    %ix/load 5, 0, 0;
    %flag_set/imm 4, 0;
    %assign/vec4/off/d v0x5ead06303030_0, 4, 5;
T_22.3 ;
T_22.1 ;
    %jmp T_22;
    .thread T_22;
    .scope S_0x5ead06302990;
T_23 ;
    %wait E_0x5ead06302c70;
    %load/vec4 v0x5ead063040a0_0;
    %cmpi/e 0, 0, 1;
    %jmp/0xz  T_23.0, 4;
    %pushi/vec4 1, 0, 1;
    %ix/load 4, 3, 0;
    %ix/load 5, 0, 0;
    %flag_set/imm 4, 0;
    %assign/vec4/off/d v0x5ead06303030_0, 4, 5;
    %jmp T_23.1;
T_23.0 ;
    %load/vec4 v0x5ead06302dd0_0;
    %parti/s 1, 4, 4;
    %cmpi/e 0, 0, 1;
    %jmp/0xz  T_23.2, 4;
    %pushi/vec4 0, 0, 1;
    %ix/load 4, 3, 0;
    %ix/load 5, 0, 0;
    %flag_set/imm 4, 0;
    %assign/vec4/off/d v0x5ead06303030_0, 4, 5;
    %jmp T_23.3;
T_23.2 ;
    %load/vec4 v0x5ead06303030_0;
    %parti/s 1, 4, 4;
    %ix/load 4, 3, 0;
    %ix/load 5, 0, 0;
    %flag_set/imm 4, 0;
    %assign/vec4/off/d v0x5ead06303030_0, 4, 5;
T_23.3 ;
T_23.1 ;
    %jmp T_23;
    .thread T_23;
    .scope S_0x5ead062506e0;
T_24 ;
    %wait E_0x5ead06301c90;
    %load/vec4 v0x5ead06303760_0;
    %inv;
    %ix/load 4, 5, 0;
    %flag_set/imm 4, 0;
    %store/vec4 v0x5ead06302dd0_0, 4, 1;
    %pushi/vec4 4, 0, 32;
    %store/vec4 v0x5ead06303fc0_0, 0, 32;
T_24.0 ;
    %load/vec4 v0x5ead06303fc0_0;
    %cmpi/s 1, 0, 32;
    %flag_inv 5; GE is !LT
    %jmp/0xz T_24.1, 5;
    %load/vec4 v0x5ead06304160_0;
    %load/vec4 v0x5ead06303fc0_0;
    %part/s 1;
    %load/vec4 v0x5ead06302dd0_0;
    %load/vec4 v0x5ead06303fc0_0;
    %addi 1, 0, 32;
    %part/s 1;
    %and;
    %load/vec4 v0x5ead06303030_0;
    %load/vec4 v0x5ead06303fc0_0;
    %pad/s 34;
    %subi 1, 0, 34;
    %part/s 1;
    %and;
    %inv;
    %ix/getv/s 4, v0x5ead06303fc0_0;
    %store/vec4 v0x5ead06302dd0_0, 4, 1;
    %load/vec4 v0x5ead06303fc0_0;
    %subi 1, 0, 32;
    %store/vec4 v0x5ead06303fc0_0, 0, 32;
    %jmp T_24.0;
T_24.1 ;
    %load/vec4 v0x5ead06303f00_0;
    %load/vec4 v0x5ead06302dd0_0;
    %parti/s 1, 1, 2;
    %or;
    %ix/load 4, 0, 0;
    %flag_set/imm 4, 0;
    %store/vec4 v0x5ead06302dd0_0, 4, 1;
    %jmp T_24;
    .thread T_24, $push;
    .scope S_0x5ead062c4100;
T_25 ;
    %wait E_0x5ead06304400;
    %load/vec4 v0x5ead06304780_0;
    %inv;
    %flag_set/vec4 8;
    %jmp/0xz  T_25.0, 8;
    %pushi/vec4 0, 0, 1;
    %assign/vec4 v0x5ead063046c0_0, 0;
    %jmp T_25.1;
T_25.0 ;
    %load/vec4 v0x5ead06304840_0;
    %inv;
    %flag_set/vec4 8;
    %jmp/0xz  T_25.2, 8;
    %pushi/vec4 1, 0, 1;
    %assign/vec4 v0x5ead063046c0_0, 0;
    %jmp T_25.3;
T_25.2 ;
    %load/vec4 v0x5ead06304620_0;
    %flag_set/vec4 8;
    %jmp/0xz  T_25.4, 8;
    %load/vec4 v0x5ead06304560_0;
    %assign/vec4 v0x5ead063046c0_0, 0;
T_25.4 ;
T_25.3 ;
T_25.1 ;
    %jmp T_25;
    .thread T_25;
# The file index is used to find the file name in the following table.
:file_names 3;
    "N/A";
    "<interactive>";
    "./Core/Pipe_stages/IDecode.v";
